#
# A fatal error has been detected by the Java Runtime Environment:
#
#  SIGSEGV (0xb) at pc=0x00007f1fe51b77e4, pid=4117, tid=4124
#
# JRE version: Java(TM) SE Runtime Environment (12.0.1+12) (build 12.0.1+12)
# Java VM: Java HotSpot(TM) 64-Bit Server VM (12.0.1+12, mixed mode, sharing, tiered, compressed oops, g1 gc, linux-amd64)
# Problematic frame:
# C  [libjemalloc.so+0x227e4]
#
# Core dump will be written. Default location: Core dumps may be processed with "/usr/share/apport/apport %p %s %c %d %P" (or dumping to /home/oscar/Desktop/Java/StormFront/core.4117)
#
# If you would like to submit a bug report, please visit:
#   http://bugreport.java.com/bugreport/crash.jsp
# The crash happened outside the Java Virtual Machine in native code.
# See problematic frame for where to report the bug.
#

---------------  S U M M A R Y ------------

Command Line: -Djava.library.path=/home/oscar/Desktop/Java/StormFront/lib/natives/linux -Dfile.encoding=UTF-8 stormfront.box.StormFrontMain

Host: Intel(R) Core(TM) i7-8750H CPU @ 2.20GHz, 12 cores, 31G, Ubuntu 19.10
Time: Wed Jan  1 13:27:21 2020 EST elapsed time: 5 seconds (0d 0h 0m 5s)

---------------  T H R E A D  ---------------

Current thread (0x00007f2058014000):  JavaThread "main" [_thread_in_native, id=4124, stack(0x00007f205ce29000,0x00007f205cf2a000)]

Stack: [0x00007f205ce29000,0x00007f205cf2a000],  sp=0x00007f205cf26b00,  free space=1014k
Native frames: (J=compiled Java code, A=aot compiled Java code, j=interpreted, Vv=VM code, C=native code)
C  [libjemalloc.so+0x227e4]

Java frames: (J=compiled Java code, j=interpreted, Vv=VM code)
j  org.lwjgl.stb.STBImage.nstbi_load_from_memory(JIJJJI)J+0
j  org.lwjgl.stb.STBImage.stbi_load_from_memory(Ljava/nio/ByteBuffer;Ljava/nio/IntBuffer;Ljava/nio/IntBuffer;Ljava/nio/IntBuffer;I)Ljava/nio/ByteBuffer;+43
j  engine.renderEngine.Loader.loadTexture(Ljava/lang/String;)I+123
j  stormfront.box.SFResources.<clinit>()V+268
v  ~StubRoutines::call_stub
j  stormfront.player.Player.<init>(Ljava/util/List;Lstormfront/gameplay/GameState;)V+1
j  stormfront.gameplay.GameState.<init>(Lengine/scene/TRScene;Ljava/util/List;)V+46
j  stormfront.box.StormFrontMain.main([Ljava/lang/String;)V+377
v  ~StubRoutines::call_stub

siginfo: si_signo: 11 (SIGSEGV), si_code: 1 (SEGV_MAPERR), si_addr: 0x00000000000c60b8

Register to memory mapping:

RAX=0x0 is NULL
RBX=0x00007f205cf26eb0 is pointing into the stack for thread: 0x00007f2058014000
RCX=0xf89aea6a897cd729 is an unknown value
RDX=0x0000000000000001 is an unknown value
RSP=0x00007f205cf26b00 is pointing into the stack for thread: 0x00007f2058014000
RBP=0x00007f1fe55f65c0: <offset 0x00000000004615c0> in /tmp/lwjgloscar/3.2.3-build-13/libjemalloc.so at 0x00007f1fe5195000
RSI=0x7920109a6cf8b31a is an unknown value
RDI=0x00007f1fe55f7160: <offset 0x0000000000462160> in /tmp/lwjgloscar/3.2.3-build-13/libjemalloc.so at 0x00007f1fe5195000
R8 =0x00000000000001a0 is an unknown value
R9 =0x000000000018c168 is an unknown value
R10=0x00e8000000000000 is an unknown value
R11=0x00000000000c60b8 is an unknown value
R12=0x00007f2058c17720 points into unknown readable memory: 01 00 00 00 00 00 00 00
R13=0x00007f2058c176f0 points into unknown readable memory: 00 01 00 00 31 00 00 00
R14=0x00007f1fe55f7120: <offset 0x0000000000462120> in /tmp/lwjgloscar/3.2.3-build-13/libjemalloc.so at 0x00007f1fe5195000
R15=0x00007f1fe4e032d0 points into unknown readable memory: 00 00 00 00 00 00 00 00


Registers:
RAX=0x0000000000000000, RBX=0x00007f205cf26eb0, RCX=0xf89aea6a897cd729, RDX=0x0000000000000001
RSP=0x00007f205cf26b00, RBP=0x00007f1fe55f65c0, RSI=0x7920109a6cf8b31a, RDI=0x00007f1fe55f7160
R8 =0x00000000000001a0, R9 =0x000000000018c168, R10=0x00e8000000000000, R11=0x00000000000c60b8
R12=0x00007f2058c17720, R13=0x00007f2058c176f0, R14=0x00007f1fe55f7120, R15=0x00007f1fe4e032d0
RIP=0x00007f1fe51b77e4, EFLAGS=0x0000000000010202, CSGSFS=0x002b000000000033, ERR=0x0000000000000006
  TRAPNO=0x000000000000000e

Top of Stack: (sp=0x00007f205cf26b00)
0x00007f205cf26b00:   00007f205cf26b20 b774da3449021cf0
0x00007f205cf26b10:   00000000000c60b8 16243d852fd1588a
0x00007f205cf26b20:   000000000018c168 00007f1fe55f65c0
0x00007f205cf26b30:   00007f205cf26eb0 00007f1fe4e0c700 

Instructions: (pc=0x00007f1fe51b77e4)
0x00007f1fe51b77c4:   88 f1 00 00 41 c6 46 68 01 4c 8b 4c 24 20 4c 8b
0x00007f1fe51b77d4:   5c 24 10 49 ba 00 00 00 00 00 00 e8 00 4d 85 c9
0x00007f1fe51b77e4:   4d 89 13 74 03 4d 89 11 48 f7 03 00 10 00 00 74
0x00007f1fe51b77f4:   15 48 89 da 4c 89 e6 4c 89 ef e8 cd f4 ff ff 48 

Stack slot to memory mapping:
stack at sp + 0 slots: 0x00007f205cf26b20 is pointing into the stack for thread: 0x00007f2058014000
stack at sp + 1 slots: 0xb774da3449021cf0 is an unknown value
stack at sp + 2 slots: 0x00000000000c60b8 is an unknown value
stack at sp + 3 slots: 0x16243d852fd1588a is an unknown value
stack at sp + 4 slots: 0x000000000018c168 is an unknown value
stack at sp + 5 slots: 0x00007f1fe55f65c0: <offset 0x00000000004615c0> in /tmp/lwjgloscar/3.2.3-build-13/libjemalloc.so at 0x00007f1fe5195000
stack at sp + 6 slots: 0x00007f205cf26eb0 is pointing into the stack for thread: 0x00007f2058014000
stack at sp + 7 slots: 0x00007f1fe4e0c700 points into unknown readable memory: 00 60 a1 03 00 00 00 00


---------------  P R O C E S S  ---------------

Threads class SMR info:
_java_thread_list=0x00007f1fec511b00, length=9, elements={
0x00007f2058014000, 0x00007f205824b800, 0x00007f205824d800, 0x00007f2058253000,
0x00007f2058255000, 0x00007f2058257000, 0x00007f2058259000, 0x00007f20582a8800,
0x00007f20582ad800
}

Java Threads: ( => current thread )
=>0x00007f2058014000 JavaThread "main" [_thread_in_native, id=4124, stack(0x00007f205ce29000,0x00007f205cf2a000)]
  0x00007f205824b800 JavaThread "Reference Handler" daemon [_thread_blocked, id=4131, stack(0x00007f202c04f000,0x00007f202c150000)]
  0x00007f205824d800 JavaThread "Finalizer" daemon [_thread_blocked, id=4132, stack(0x00007f201deff000,0x00007f201e000000)]
  0x00007f2058253000 JavaThread "Signal Dispatcher" daemon [_thread_blocked, id=4133, stack(0x00007f201d88e000,0x00007f201d98f000)]
  0x00007f2058255000 JavaThread "C2 CompilerThread0" daemon [_thread_blocked, id=4134, stack(0x00007f201d78d000,0x00007f201d88e000)]
  0x00007f2058257000 JavaThread "C1 CompilerThread0" daemon [_thread_blocked, id=4135, stack(0x00007f201d68c000,0x00007f201d78d000)]
  0x00007f2058259000 JavaThread "Sweeper thread" daemon [_thread_blocked, id=4136, stack(0x00007f201d58b000,0x00007f201d68c000)]
  0x00007f20582a8800 JavaThread "Service Thread" daemon [_thread_blocked, id=4137, stack(0x00007f201d48a000,0x00007f201d58b000)]
  0x00007f20582ad800 JavaThread "Common-Cleaner" daemon [_thread_blocked, id=4139, stack(0x00007f201d287000,0x00007f201d388000)]

Other Threads:
  0x00007f2058248800 VMThread "VM Thread" [stack: 0x00007f202c152000,0x00007f202c252000] [id=4130]
  0x00007f20582ab000 WatcherThread [stack: 0x00007f201d38a000,0x00007f201d48a000] [id=4138]
  0x00007f2058065800 GCTaskThread "GC Thread#0" [stack: 0x00007f202d942000,0x00007f202da42000] [id=4125]
  0x00007f2014001000 GCTaskThread "GC Thread#1" [stack: 0x00007f1fe5055000,0x00007f1fe5155000] [id=4142]
  0x00007f2014002800 GCTaskThread "GC Thread#2" [stack: 0x00007f1fe4700000,0x00007f1fe4800000] [id=4143]
  0x00007f2014004000 GCTaskThread "GC Thread#3" [stack: 0x00007f1fe45fe000,0x00007f1fe46fe000] [id=4144]
  0x00007f2014005800 GCTaskThread "GC Thread#4" [stack: 0x00007f1fe44fc000,0x00007f1fe45fc000] [id=4145]
  0x00007f2014007000 GCTaskThread "GC Thread#5" [stack: 0x00007f1fe43fa000,0x00007f1fe44fa000] [id=4146]
  0x00007f2014009000 GCTaskThread "GC Thread#6" [stack: 0x00007f1fe42f8000,0x00007f1fe43f8000] [id=4147]
  0x00007f201400a800 GCTaskThread "GC Thread#7" [stack: 0x00007f1fe41f6000,0x00007f1fe42f6000] [id=4148]
  0x00007f201400c000 GCTaskThread "GC Thread#8" [stack: 0x00007f1fe40f4000,0x00007f1fe41f4000] [id=4149]
  0x00007f201400d800 GCTaskThread "GC Thread#9" [stack: 0x00007f1fc7f00000,0x00007f1fc8000000] [id=4150]
  0x00007f205807f800 ConcurrentGCThread "G1 Main Marker" [stack: 0x00007f202d840000,0x00007f202d940000] [id=4126]
  0x00007f2058081000 ConcurrentGCThread "G1 Conc#0" [stack: 0x00007f202d73e000,0x00007f202d83e000] [id=4127]
  0x00007f205820b800 ConcurrentGCThread "G1 Refine#0" [stack: 0x00007f202cc32000,0x00007f202cd32000] [id=4128]
  0x00007f205820d000 ConcurrentGCThread "G1 Young RemSet Sampling" [stack: 0x00007f202cb30000,0x00007f202cc30000] [id=4129]

Threads with active compile tasks:

VM state:not at safepoint (normal execution)

VM Mutex/Monitor currently owned by a thread: None

Heap address: 0x000000060b800000, size: 8008 MB, Compressed Oops mode: Zero based, Oop shift amount: 3
Narrow klass base: 0x0000000800000000, Narrow klass shift: 3
Compressed class space size: 1073741824 Address: 0x0000000801129000

Heap:
 garbage-first heap   total 518144K, used 84678K [0x000000060b800000, 0x0000000800000000)
  region size 2048K, 36 young (73728K), 2 survivors (4096K)
 Metaspace       used 6409K, capacity 9263K, committed 9728K, reserved 1058816K
  class space    used 357K, capacity 663K, committed 768K, reserved 1048576K
Heap Regions: E=young(eden), S=young(survivor), O=old, HS=humongous(starts), HC=humongous(continues), CS=collection set, F=free, A=archive, TAMS=top-at-mark-start (previous, next)
|   0|0x000000060b800000, 0x000000060ba00000, 0x000000060ba00000|100%|HS|  |TAMS 0x000000060b800000, 0x000000060b800000| Complete 
|   1|0x000000060ba00000, 0x000000060bc00000, 0x000000060bc00000|100%|HC|  |TAMS 0x000000060ba00000, 0x000000060ba00000| Complete 
|   2|0x000000060bc00000, 0x000000060be00000, 0x000000060be00000|100%|HC|  |TAMS 0x000000060bc00000, 0x000000060bc00000| Complete 
|   3|0x000000060be00000, 0x000000060c000000, 0x000000060c000000|100%|HC|  |TAMS 0x000000060be00000, 0x000000060be00000| Complete 
|   4|0x000000060c000000, 0x000000060c200000, 0x000000060c200000|100%|HS|  |TAMS 0x000000060c000000, 0x000000060c000000| Complete 
|   5|0x000000060c200000, 0x000000060c400000, 0x000000060c400000|100%|HC|  |TAMS 0x000000060c200000, 0x000000060c200000| Complete 
|   6|0x000000060c400000, 0x000000060c400000, 0x000000060c600000|  0%| F|  |TAMS 0x000000060c400000, 0x000000060c400000| Untracked 
|   7|0x000000060c600000, 0x000000060c600000, 0x000000060c800000|  0%| F|  |TAMS 0x000000060c600000, 0x000000060c600000| Untracked 
|   8|0x000000060c800000, 0x000000060c800000, 0x000000060ca00000|  0%| F|  |TAMS 0x000000060c800000, 0x000000060c800000| Untracked 
|   9|0x000000060ca00000, 0x000000060ca00000, 0x000000060cc00000|  0%| F|  |TAMS 0x000000060ca00000, 0x000000060ca00000| Untracked 
|  10|0x000000060cc00000, 0x000000060cc00000, 0x000000060ce00000|  0%| F|  |TAMS 0x000000060cc00000, 0x000000060cc00000| Untracked 
|  11|0x000000060ce00000, 0x000000060ce00000, 0x000000060d000000|  0%| F|  |TAMS 0x000000060ce00000, 0x000000060ce00000| Untracked 
|  12|0x000000060d000000, 0x000000060d000000, 0x000000060d200000|  0%| F|  |TAMS 0x000000060d000000, 0x000000060d000000| Untracked 
|  13|0x000000060d200000, 0x000000060d200000, 0x000000060d400000|  0%| F|  |TAMS 0x000000060d200000, 0x000000060d200000| Untracked 
|  14|0x000000060d400000, 0x000000060d400000, 0x000000060d600000|  0%| F|  |TAMS 0x000000060d400000, 0x000000060d400000| Untracked 
|  15|0x000000060d600000, 0x000000060d600000, 0x000000060d800000|  0%| F|  |TAMS 0x000000060d600000, 0x000000060d600000| Untracked 
|  16|0x000000060d800000, 0x000000060d800000, 0x000000060da00000|  0%| F|  |TAMS 0x000000060d800000, 0x000000060d800000| Untracked 
|  17|0x000000060da00000, 0x000000060da00000, 0x000000060dc00000|  0%| F|  |TAMS 0x000000060da00000, 0x000000060da00000| Untracked 
|  18|0x000000060dc00000, 0x000000060dc00000, 0x000000060de00000|  0%| F|  |TAMS 0x000000060dc00000, 0x000000060dc00000| Untracked 
|  19|0x000000060de00000, 0x000000060de00000, 0x000000060e000000|  0%| F|  |TAMS 0x000000060de00000, 0x000000060de00000| Untracked 
|  20|0x000000060e000000, 0x000000060e000000, 0x000000060e200000|  0%| F|  |TAMS 0x000000060e000000, 0x000000060e000000| Untracked 
|  21|0x000000060e200000, 0x000000060e200000, 0x000000060e400000|  0%| F|  |TAMS 0x000000060e200000, 0x000000060e200000| Untracked 
|  22|0x000000060e400000, 0x000000060e400000, 0x000000060e600000|  0%| F|  |TAMS 0x000000060e400000, 0x000000060e400000| Untracked 
|  23|0x000000060e600000, 0x000000060e600000, 0x000000060e800000|  0%| F|  |TAMS 0x000000060e600000, 0x000000060e600000| Untracked 
|  24|0x000000060e800000, 0x000000060e800000, 0x000000060ea00000|  0%| F|  |TAMS 0x000000060e800000, 0x000000060e800000| Untracked 
|  25|0x000000060ea00000, 0x000000060ea00000, 0x000000060ec00000|  0%| F|  |TAMS 0x000000060ea00000, 0x000000060ea00000| Untracked 
|  26|0x000000060ec00000, 0x000000060ec00000, 0x000000060ee00000|  0%| F|  |TAMS 0x000000060ec00000, 0x000000060ec00000| Untracked 
|  27|0x000000060ee00000, 0x000000060ee00000, 0x000000060f000000|  0%| F|  |TAMS 0x000000060ee00000, 0x000000060ee00000| Untracked 
|  28|0x000000060f000000, 0x000000060f000000, 0x000000060f200000|  0%| F|  |TAMS 0x000000060f000000, 0x000000060f000000| Untracked 
|  29|0x000000060f200000, 0x000000060f200000, 0x000000060f400000|  0%| F|  |TAMS 0x000000060f200000, 0x000000060f200000| Untracked 
|  30|0x000000060f400000, 0x000000060f400000, 0x000000060f600000|  0%| F|  |TAMS 0x000000060f400000, 0x000000060f400000| Untracked 
|  31|0x000000060f600000, 0x000000060f600000, 0x000000060f800000|  0%| F|  |TAMS 0x000000060f600000, 0x000000060f600000| Untracked 
|  32|0x000000060f800000, 0x000000060f800000, 0x000000060fa00000|  0%| F|  |TAMS 0x000000060f800000, 0x000000060f800000| Untracked 
|  33|0x000000060fa00000, 0x000000060fa00000, 0x000000060fc00000|  0%| F|  |TAMS 0x000000060fa00000, 0x000000060fa00000| Untracked 
|  34|0x000000060fc00000, 0x000000060fc00000, 0x000000060fe00000|  0%| F|  |TAMS 0x000000060fc00000, 0x000000060fc00000| Untracked 
|  35|0x000000060fe00000, 0x000000060fe00000, 0x0000000610000000|  0%| F|  |TAMS 0x000000060fe00000, 0x000000060fe00000| Untracked 
|  36|0x0000000610000000, 0x0000000610000000, 0x0000000610200000|  0%| F|  |TAMS 0x0000000610000000, 0x0000000610000000| Untracked 
|  37|0x0000000610200000, 0x0000000610200000, 0x0000000610400000|  0%| F|  |TAMS 0x0000000610200000, 0x0000000610200000| Untracked 
|  38|0x0000000610400000, 0x0000000610400000, 0x0000000610600000|  0%| F|  |TAMS 0x0000000610400000, 0x0000000610400000| Untracked 
|  39|0x0000000610600000, 0x0000000610600000, 0x0000000610800000|  0%| F|  |TAMS 0x0000000610600000, 0x0000000610600000| Untracked 
|  40|0x0000000610800000, 0x0000000610800000, 0x0000000610a00000|  0%| F|  |TAMS 0x0000000610800000, 0x0000000610800000| Untracked 
|  41|0x0000000610a00000, 0x0000000610a00000, 0x0000000610c00000|  0%| F|  |TAMS 0x0000000610a00000, 0x0000000610a00000| Untracked 
|  42|0x0000000610c00000, 0x0000000610c00000, 0x0000000610e00000|  0%| F|  |TAMS 0x0000000610c00000, 0x0000000610c00000| Untracked 
|  43|0x0000000610e00000, 0x0000000610e00000, 0x0000000611000000|  0%| F|  |TAMS 0x0000000610e00000, 0x0000000610e00000| Untracked 
|  44|0x0000000611000000, 0x0000000611000000, 0x0000000611200000|  0%| F|  |TAMS 0x0000000611000000, 0x0000000611000000| Untracked 
|  45|0x0000000611200000, 0x0000000611200000, 0x0000000611400000|  0%| F|  |TAMS 0x0000000611200000, 0x0000000611200000| Untracked 
|  46|0x0000000611400000, 0x0000000611400000, 0x0000000611600000|  0%| F|  |TAMS 0x0000000611400000, 0x0000000611400000| Untracked 
|  47|0x0000000611600000, 0x0000000611600000, 0x0000000611800000|  0%| F|  |TAMS 0x0000000611600000, 0x0000000611600000| Untracked 
|  48|0x0000000611800000, 0x0000000611800000, 0x0000000611a00000|  0%| F|  |TAMS 0x0000000611800000, 0x0000000611800000| Untracked 
|  49|0x0000000611a00000, 0x0000000611a00000, 0x0000000611c00000|  0%| F|  |TAMS 0x0000000611a00000, 0x0000000611a00000| Untracked 
|  50|0x0000000611c00000, 0x0000000611c00000, 0x0000000611e00000|  0%| F|  |TAMS 0x0000000611c00000, 0x0000000611c00000| Untracked 
|  51|0x0000000611e00000, 0x0000000611e00000, 0x0000000612000000|  0%| F|  |TAMS 0x0000000611e00000, 0x0000000611e00000| Untracked 
|  52|0x0000000612000000, 0x0000000612000000, 0x0000000612200000|  0%| F|  |TAMS 0x0000000612000000, 0x0000000612000000| Untracked 
|  53|0x0000000612200000, 0x0000000612200000, 0x0000000612400000|  0%| F|  |TAMS 0x0000000612200000, 0x0000000612200000| Untracked 
|  54|0x0000000612400000, 0x0000000612400000, 0x0000000612600000|  0%| F|  |TAMS 0x0000000612400000, 0x0000000612400000| Untracked 
|  55|0x0000000612600000, 0x0000000612600000, 0x0000000612800000|  0%| F|  |TAMS 0x0000000612600000, 0x0000000612600000| Untracked 
|  56|0x0000000612800000, 0x0000000612800000, 0x0000000612a00000|  0%| F|  |TAMS 0x0000000612800000, 0x0000000612800000| Untracked 
|  57|0x0000000612a00000, 0x0000000612a00000, 0x0000000612c00000|  0%| F|  |TAMS 0x0000000612a00000, 0x0000000612a00000| Untracked 
|  58|0x0000000612c00000, 0x0000000612c00000, 0x0000000612e00000|  0%| F|  |TAMS 0x0000000612c00000, 0x0000000612c00000| Untracked 
|  59|0x0000000612e00000, 0x0000000612e00000, 0x0000000613000000|  0%| F|  |TAMS 0x0000000612e00000, 0x0000000612e00000| Untracked 
|  60|0x0000000613000000, 0x0000000613000000, 0x0000000613200000|  0%| F|  |TAMS 0x0000000613000000, 0x0000000613000000| Untracked 
|  61|0x0000000613200000, 0x0000000613200000, 0x0000000613400000|  0%| F|  |TAMS 0x0000000613200000, 0x0000000613200000| Untracked 
|  62|0x0000000613400000, 0x0000000613400000, 0x0000000613600000|  0%| F|  |TAMS 0x0000000613400000, 0x0000000613400000| Untracked 
|  63|0x0000000613600000, 0x0000000613600000, 0x0000000613800000|  0%| F|  |TAMS 0x0000000613600000, 0x0000000613600000| Untracked 
|  64|0x0000000613800000, 0x0000000613800000, 0x0000000613a00000|  0%| F|  |TAMS 0x0000000613800000, 0x0000000613800000| Untracked 
|  65|0x0000000613a00000, 0x0000000613a00000, 0x0000000613c00000|  0%| F|  |TAMS 0x0000000613a00000, 0x0000000613a00000| Untracked 
|  66|0x0000000613c00000, 0x0000000613c00000, 0x0000000613e00000|  0%| F|  |TAMS 0x0000000613c00000, 0x0000000613c00000| Untracked 
|  67|0x0000000613e00000, 0x0000000613e00000, 0x0000000614000000|  0%| F|  |TAMS 0x0000000613e00000, 0x0000000613e00000| Untracked 
|  68|0x0000000614000000, 0x0000000614000000, 0x0000000614200000|  0%| F|  |TAMS 0x0000000614000000, 0x0000000614000000| Untracked 
|  69|0x0000000614200000, 0x0000000614200000, 0x0000000614400000|  0%| F|  |TAMS 0x0000000614200000, 0x0000000614200000| Untracked 
|  70|0x0000000614400000, 0x0000000614400000, 0x0000000614600000|  0%| F|  |TAMS 0x0000000614400000, 0x0000000614400000| Untracked 
|  71|0x0000000614600000, 0x0000000614600000, 0x0000000614800000|  0%| F|  |TAMS 0x0000000614600000, 0x0000000614600000| Untracked 
|  72|0x0000000614800000, 0x0000000614800000, 0x0000000614a00000|  0%| F|  |TAMS 0x0000000614800000, 0x0000000614800000| Untracked 
|  73|0x0000000614a00000, 0x0000000614a00000, 0x0000000614c00000|  0%| F|  |TAMS 0x0000000614a00000, 0x0000000614a00000| Untracked 
|  74|0x0000000614c00000, 0x0000000614c00000, 0x0000000614e00000|  0%| F|  |TAMS 0x0000000614c00000, 0x0000000614c00000| Untracked 
|  75|0x0000000614e00000, 0x0000000614e00000, 0x0000000615000000|  0%| F|  |TAMS 0x0000000614e00000, 0x0000000614e00000| Untracked 
|  76|0x0000000615000000, 0x0000000615000000, 0x0000000615200000|  0%| F|  |TAMS 0x0000000615000000, 0x0000000615000000| Untracked 
|  77|0x0000000615200000, 0x0000000615200000, 0x0000000615400000|  0%| F|  |TAMS 0x0000000615200000, 0x0000000615200000| Untracked 
|  78|0x0000000615400000, 0x0000000615400000, 0x0000000615600000|  0%| F|  |TAMS 0x0000000615400000, 0x0000000615400000| Untracked 
|  79|0x0000000615600000, 0x0000000615600000, 0x0000000615800000|  0%| F|  |TAMS 0x0000000615600000, 0x0000000615600000| Untracked 
|  80|0x0000000615800000, 0x0000000615800000, 0x0000000615a00000|  0%| F|  |TAMS 0x0000000615800000, 0x0000000615800000| Untracked 
|  81|0x0000000615a00000, 0x0000000615a00000, 0x0000000615c00000|  0%| F|  |TAMS 0x0000000615a00000, 0x0000000615a00000| Untracked 
|  82|0x0000000615c00000, 0x0000000615c00000, 0x0000000615e00000|  0%| F|  |TAMS 0x0000000615c00000, 0x0000000615c00000| Untracked 
|  83|0x0000000615e00000, 0x0000000615e00000, 0x0000000616000000|  0%| F|  |TAMS 0x0000000615e00000, 0x0000000615e00000| Untracked 
|  84|0x0000000616000000, 0x0000000616000000, 0x0000000616200000|  0%| F|  |TAMS 0x0000000616000000, 0x0000000616000000| Untracked 
|  85|0x0000000616200000, 0x0000000616200000, 0x0000000616400000|  0%| F|  |TAMS 0x0000000616200000, 0x0000000616200000| Untracked 
|  86|0x0000000616400000, 0x0000000616400000, 0x0000000616600000|  0%| F|  |TAMS 0x0000000616400000, 0x0000000616400000| Untracked 
|  87|0x0000000616600000, 0x0000000616600000, 0x0000000616800000|  0%| F|  |TAMS 0x0000000616600000, 0x0000000616600000| Untracked 
|  88|0x0000000616800000, 0x0000000616800000, 0x0000000616a00000|  0%| F|  |TAMS 0x0000000616800000, 0x0000000616800000| Untracked 
|  89|0x0000000616a00000, 0x0000000616a00000, 0x0000000616c00000|  0%| F|  |TAMS 0x0000000616a00000, 0x0000000616a00000| Untracked 
|  90|0x0000000616c00000, 0x0000000616c00000, 0x0000000616e00000|  0%| F|  |TAMS 0x0000000616c00000, 0x0000000616c00000| Untracked 
|  91|0x0000000616e00000, 0x0000000616e00000, 0x0000000617000000|  0%| F|  |TAMS 0x0000000616e00000, 0x0000000616e00000| Untracked 
|  92|0x0000000617000000, 0x0000000617000000, 0x0000000617200000|  0%| F|  |TAMS 0x0000000617000000, 0x0000000617000000| Untracked 
|  93|0x0000000617200000, 0x0000000617200000, 0x0000000617400000|  0%| F|  |TAMS 0x0000000617200000, 0x0000000617200000| Untracked 
|  94|0x0000000617400000, 0x0000000617400000, 0x0000000617600000|  0%| F|  |TAMS 0x0000000617400000, 0x0000000617400000| Untracked 
|  95|0x0000000617600000, 0x0000000617600000, 0x0000000617800000|  0%| F|  |TAMS 0x0000000617600000, 0x0000000617600000| Untracked 
|  96|0x0000000617800000, 0x0000000617800000, 0x0000000617a00000|  0%| F|  |TAMS 0x0000000617800000, 0x0000000617800000| Untracked 
|  97|0x0000000617a00000, 0x0000000617a00000, 0x0000000617c00000|  0%| F|  |TAMS 0x0000000617a00000, 0x0000000617a00000| Untracked 
|  98|0x0000000617c00000, 0x0000000617c00000, 0x0000000617e00000|  0%| F|  |TAMS 0x0000000617c00000, 0x0000000617c00000| Untracked 
|  99|0x0000000617e00000, 0x0000000617e00000, 0x0000000618000000|  0%| F|  |TAMS 0x0000000617e00000, 0x0000000617e00000| Untracked 
| 100|0x0000000618000000, 0x0000000618000000, 0x0000000618200000|  0%| F|  |TAMS 0x0000000618000000, 0x0000000618000000| Untracked 
| 101|0x0000000618200000, 0x0000000618200000, 0x0000000618400000|  0%| F|  |TAMS 0x0000000618200000, 0x0000000618200000| Untracked 
| 102|0x0000000618400000, 0x0000000618400000, 0x0000000618600000|  0%| F|  |TAMS 0x0000000618400000, 0x0000000618400000| Untracked 
| 103|0x0000000618600000, 0x0000000618600000, 0x0000000618800000|  0%| F|  |TAMS 0x0000000618600000, 0x0000000618600000| Untracked 
| 104|0x0000000618800000, 0x0000000618800000, 0x0000000618a00000|  0%| F|  |TAMS 0x0000000618800000, 0x0000000618800000| Untracked 
| 105|0x0000000618a00000, 0x0000000618a00000, 0x0000000618c00000|  0%| F|  |TAMS 0x0000000618a00000, 0x0000000618a00000| Untracked 
| 106|0x0000000618c00000, 0x0000000618c00000, 0x0000000618e00000|  0%| F|  |TAMS 0x0000000618c00000, 0x0000000618c00000| Untracked 
| 107|0x0000000618e00000, 0x0000000618e00000, 0x0000000619000000|  0%| F|  |TAMS 0x0000000618e00000, 0x0000000618e00000| Untracked 
| 108|0x0000000619000000, 0x0000000619000000, 0x0000000619200000|  0%| F|  |TAMS 0x0000000619000000, 0x0000000619000000| Untracked 
| 109|0x0000000619200000, 0x0000000619200000, 0x0000000619400000|  0%| F|  |TAMS 0x0000000619200000, 0x0000000619200000| Untracked 
| 110|0x0000000619400000, 0x0000000619400000, 0x0000000619600000|  0%| F|  |TAMS 0x0000000619400000, 0x0000000619400000| Untracked 
| 111|0x0000000619600000, 0x0000000619600000, 0x0000000619800000|  0%| F|  |TAMS 0x0000000619600000, 0x0000000619600000| Untracked 
| 112|0x0000000619800000, 0x0000000619800000, 0x0000000619a00000|  0%| F|  |TAMS 0x0000000619800000, 0x0000000619800000| Untracked 
| 113|0x0000000619a00000, 0x0000000619a00000, 0x0000000619c00000|  0%| F|  |TAMS 0x0000000619a00000, 0x0000000619a00000| Untracked 
| 114|0x0000000619c00000, 0x0000000619c00000, 0x0000000619e00000|  0%| F|  |TAMS 0x0000000619c00000, 0x0000000619c00000| Untracked 
| 115|0x0000000619e00000, 0x0000000619e00000, 0x000000061a000000|  0%| F|  |TAMS 0x0000000619e00000, 0x0000000619e00000| Untracked 
| 116|0x000000061a000000, 0x000000061a000000, 0x000000061a200000|  0%| F|  |TAMS 0x000000061a000000, 0x000000061a000000| Untracked 
| 117|0x000000061a200000, 0x000000061a200000, 0x000000061a400000|  0%| F|  |TAMS 0x000000061a200000, 0x000000061a200000| Untracked 
| 118|0x000000061a400000, 0x000000061a400000, 0x000000061a600000|  0%| F|  |TAMS 0x000000061a400000, 0x000000061a400000| Untracked 
| 119|0x000000061a600000, 0x000000061a600000, 0x000000061a800000|  0%| F|  |TAMS 0x000000061a600000, 0x000000061a600000| Untracked 
| 120|0x000000061a800000, 0x000000061a800000, 0x000000061aa00000|  0%| F|  |TAMS 0x000000061a800000, 0x000000061a800000| Untracked 
| 121|0x000000061aa00000, 0x000000061aa00000, 0x000000061ac00000|  0%| F|  |TAMS 0x000000061aa00000, 0x000000061aa00000| Untracked 
| 122|0x000000061ac00000, 0x000000061ac00000, 0x000000061ae00000|  0%| F|  |TAMS 0x000000061ac00000, 0x000000061ac00000| Untracked 
| 123|0x000000061ae00000, 0x000000061ae00000, 0x000000061b000000|  0%| F|  |TAMS 0x000000061ae00000, 0x000000061ae00000| Untracked 
| 124|0x000000061b000000, 0x000000061b000000, 0x000000061b200000|  0%| F|  |TAMS 0x000000061b000000, 0x000000061b000000| Untracked 
| 125|0x000000061b200000, 0x000000061b200000, 0x000000061b400000|  0%| F|  |TAMS 0x000000061b200000, 0x000000061b200000| Untracked 
| 126|0x000000061b400000, 0x000000061b400000, 0x000000061b600000|  0%| F|  |TAMS 0x000000061b400000, 0x000000061b400000| Untracked 
| 127|0x000000061b600000, 0x000000061b600000, 0x000000061b800000|  0%| F|  |TAMS 0x000000061b600000, 0x000000061b600000| Untracked 
| 128|0x000000061b800000, 0x000000061b800000, 0x000000061ba00000|  0%| F|  |TAMS 0x000000061b800000, 0x000000061b800000| Untracked 
| 129|0x000000061ba00000, 0x000000061ba00000, 0x000000061bc00000|  0%| F|  |TAMS 0x000000061ba00000, 0x000000061ba00000| Untracked 
| 130|0x000000061bc00000, 0x000000061bc00000, 0x000000061be00000|  0%| F|  |TAMS 0x000000061bc00000, 0x000000061bc00000| Untracked 
| 131|0x000000061be00000, 0x000000061be00000, 0x000000061c000000|  0%| F|  |TAMS 0x000000061be00000, 0x000000061be00000| Untracked 
| 132|0x000000061c000000, 0x000000061c000000, 0x000000061c200000|  0%| F|  |TAMS 0x000000061c000000, 0x000000061c000000| Untracked 
| 133|0x000000061c200000, 0x000000061c200000, 0x000000061c400000|  0%| F|  |TAMS 0x000000061c200000, 0x000000061c200000| Untracked 
| 134|0x000000061c400000, 0x000000061c400000, 0x000000061c600000|  0%| F|  |TAMS 0x000000061c400000, 0x000000061c400000| Untracked 
| 135|0x000000061c600000, 0x000000061c600000, 0x000000061c800000|  0%| F|  |TAMS 0x000000061c600000, 0x000000061c600000| Untracked 
| 136|0x000000061c800000, 0x000000061c800000, 0x000000061ca00000|  0%| F|  |TAMS 0x000000061c800000, 0x000000061c800000| Untracked 
| 137|0x000000061ca00000, 0x000000061ca00000, 0x000000061cc00000|  0%| F|  |TAMS 0x000000061ca00000, 0x000000061ca00000| Untracked 
| 138|0x000000061cc00000, 0x000000061cc00000, 0x000000061ce00000|  0%| F|  |TAMS 0x000000061cc00000, 0x000000061cc00000| Untracked 
| 139|0x000000061ce00000, 0x000000061ce00000, 0x000000061d000000|  0%| F|  |TAMS 0x000000061ce00000, 0x000000061ce00000| Untracked 
| 140|0x000000061d000000, 0x000000061d000000, 0x000000061d200000|  0%| F|  |TAMS 0x000000061d000000, 0x000000061d000000| Untracked 
| 141|0x000000061d200000, 0x000000061d200000, 0x000000061d400000|  0%| F|  |TAMS 0x000000061d200000, 0x000000061d200000| Untracked 
| 142|0x000000061d400000, 0x000000061d400000, 0x000000061d600000|  0%| F|  |TAMS 0x000000061d400000, 0x000000061d400000| Untracked 
| 143|0x000000061d600000, 0x000000061d600000, 0x000000061d800000|  0%| F|  |TAMS 0x000000061d600000, 0x000000061d600000| Untracked 
| 144|0x000000061d800000, 0x000000061d800000, 0x000000061da00000|  0%| F|  |TAMS 0x000000061d800000, 0x000000061d800000| Untracked 
| 145|0x000000061da00000, 0x000000061da00000, 0x000000061dc00000|  0%| F|  |TAMS 0x000000061da00000, 0x000000061da00000| Untracked 
| 146|0x000000061dc00000, 0x000000061dc00000, 0x000000061de00000|  0%| F|  |TAMS 0x000000061dc00000, 0x000000061dc00000| Untracked 
| 147|0x000000061de00000, 0x000000061de00000, 0x000000061e000000|  0%| F|  |TAMS 0x000000061de00000, 0x000000061de00000| Untracked 
| 148|0x000000061e000000, 0x000000061e000000, 0x000000061e200000|  0%| F|  |TAMS 0x000000061e000000, 0x000000061e000000| Untracked 
| 149|0x000000061e200000, 0x000000061e200000, 0x000000061e400000|  0%| F|  |TAMS 0x000000061e200000, 0x000000061e200000| Untracked 
| 150|0x000000061e400000, 0x000000061e400000, 0x000000061e600000|  0%| F|  |TAMS 0x000000061e400000, 0x000000061e400000| Untracked 
| 151|0x000000061e600000, 0x000000061e600000, 0x000000061e800000|  0%| F|  |TAMS 0x000000061e600000, 0x000000061e600000| Untracked 
| 152|0x000000061e800000, 0x000000061e800000, 0x000000061ea00000|  0%| F|  |TAMS 0x000000061e800000, 0x000000061e800000| Untracked 
| 153|0x000000061ea00000, 0x000000061ea00000, 0x000000061ec00000|  0%| F|  |TAMS 0x000000061ea00000, 0x000000061ea00000| Untracked 
| 154|0x000000061ec00000, 0x000000061ec00000, 0x000000061ee00000|  0%| F|  |TAMS 0x000000061ec00000, 0x000000061ec00000| Untracked 
| 155|0x000000061ee00000, 0x000000061ee00000, 0x000000061f000000|  0%| F|  |TAMS 0x000000061ee00000, 0x000000061ee00000| Untracked 
| 156|0x000000061f000000, 0x000000061f000000, 0x000000061f200000|  0%| F|  |TAMS 0x000000061f000000, 0x000000061f000000| Untracked 
| 157|0x000000061f200000, 0x000000061f200000, 0x000000061f400000|  0%| F|  |TAMS 0x000000061f200000, 0x000000061f200000| Untracked 
| 158|0x000000061f400000, 0x000000061f400000, 0x000000061f600000|  0%| F|  |TAMS 0x000000061f400000, 0x000000061f400000| Untracked 
| 159|0x000000061f600000, 0x000000061f600000, 0x000000061f800000|  0%| F|  |TAMS 0x000000061f600000, 0x000000061f600000| Untracked 
| 160|0x000000061f800000, 0x000000061f800000, 0x000000061fa00000|  0%| F|  |TAMS 0x000000061f800000, 0x000000061f800000| Untracked 
| 161|0x000000061fa00000, 0x000000061fa00000, 0x000000061fc00000|  0%| F|  |TAMS 0x000000061fa00000, 0x000000061fa00000| Untracked 
| 162|0x000000061fc00000, 0x000000061fc00000, 0x000000061fe00000|  0%| F|  |TAMS 0x000000061fc00000, 0x000000061fc00000| Untracked 
| 163|0x000000061fe00000, 0x000000061fe00000, 0x0000000620000000|  0%| F|  |TAMS 0x000000061fe00000, 0x000000061fe00000| Untracked 
| 164|0x0000000620000000, 0x0000000620000000, 0x0000000620200000|  0%| F|  |TAMS 0x0000000620000000, 0x0000000620000000| Untracked 
| 165|0x0000000620200000, 0x0000000620200000, 0x0000000620400000|  0%| F|  |TAMS 0x0000000620200000, 0x0000000620200000| Untracked 
| 166|0x0000000620400000, 0x0000000620400000, 0x0000000620600000|  0%| F|  |TAMS 0x0000000620400000, 0x0000000620400000| Untracked 
| 167|0x0000000620600000, 0x0000000620600000, 0x0000000620800000|  0%| F|  |TAMS 0x0000000620600000, 0x0000000620600000| Untracked 
| 168|0x0000000620800000, 0x0000000620800000, 0x0000000620a00000|  0%| F|  |TAMS 0x0000000620800000, 0x0000000620800000| Untracked 
| 169|0x0000000620a00000, 0x0000000620a00000, 0x0000000620c00000|  0%| F|  |TAMS 0x0000000620a00000, 0x0000000620a00000| Untracked 
| 170|0x0000000620c00000, 0x0000000620c00000, 0x0000000620e00000|  0%| F|  |TAMS 0x0000000620c00000, 0x0000000620c00000| Untracked 
| 171|0x0000000620e00000, 0x0000000620e00000, 0x0000000621000000|  0%| F|  |TAMS 0x0000000620e00000, 0x0000000620e00000| Untracked 
| 172|0x0000000621000000, 0x0000000621000000, 0x0000000621200000|  0%| F|  |TAMS 0x0000000621000000, 0x0000000621000000| Untracked 
| 173|0x0000000621200000, 0x0000000621200000, 0x0000000621400000|  0%| F|  |TAMS 0x0000000621200000, 0x0000000621200000| Untracked 
| 174|0x0000000621400000, 0x0000000621400000, 0x0000000621600000|  0%| F|  |TAMS 0x0000000621400000, 0x0000000621400000| Untracked 
| 175|0x0000000621600000, 0x0000000621600000, 0x0000000621800000|  0%| F|  |TAMS 0x0000000621600000, 0x0000000621600000| Untracked 
| 176|0x0000000621800000, 0x0000000621800000, 0x0000000621a00000|  0%| F|  |TAMS 0x0000000621800000, 0x0000000621800000| Untracked 
| 177|0x0000000621a00000, 0x0000000621a00000, 0x0000000621c00000|  0%| F|  |TAMS 0x0000000621a00000, 0x0000000621a00000| Untracked 
| 178|0x0000000621c00000, 0x0000000621c00000, 0x0000000621e00000|  0%| F|  |TAMS 0x0000000621c00000, 0x0000000621c00000| Untracked 
| 179|0x0000000621e00000, 0x0000000621e00000, 0x0000000622000000|  0%| F|  |TAMS 0x0000000621e00000, 0x0000000621e00000| Untracked 
| 180|0x0000000622000000, 0x0000000622000000, 0x0000000622200000|  0%| F|  |TAMS 0x0000000622000000, 0x0000000622000000| Untracked 
| 181|0x0000000622200000, 0x0000000622200000, 0x0000000622400000|  0%| F|  |TAMS 0x0000000622200000, 0x0000000622200000| Untracked 
| 182|0x0000000622400000, 0x0000000622400000, 0x0000000622600000|  0%| F|  |TAMS 0x0000000622400000, 0x0000000622400000| Untracked 
| 183|0x0000000622600000, 0x0000000622600000, 0x0000000622800000|  0%| F|  |TAMS 0x0000000622600000, 0x0000000622600000| Untracked 
| 184|0x0000000622800000, 0x0000000622800000, 0x0000000622a00000|  0%| F|  |TAMS 0x0000000622800000, 0x0000000622800000| Untracked 
| 185|0x0000000622a00000, 0x0000000622a00000, 0x0000000622c00000|  0%| F|  |TAMS 0x0000000622a00000, 0x0000000622a00000| Untracked 
| 186|0x0000000622c00000, 0x0000000622c00000, 0x0000000622e00000|  0%| F|  |TAMS 0x0000000622c00000, 0x0000000622c00000| Untracked 
| 187|0x0000000622e00000, 0x0000000622e00000, 0x0000000623000000|  0%| F|  |TAMS 0x0000000622e00000, 0x0000000622e00000| Untracked 
| 188|0x0000000623000000, 0x0000000623000000, 0x0000000623200000|  0%| F|  |TAMS 0x0000000623000000, 0x0000000623000000| Untracked 
| 189|0x0000000623200000, 0x0000000623200000, 0x0000000623400000|  0%| F|  |TAMS 0x0000000623200000, 0x0000000623200000| Untracked 
| 190|0x0000000623400000, 0x0000000623400000, 0x0000000623600000|  0%| F|  |TAMS 0x0000000623400000, 0x0000000623400000| Untracked 
| 191|0x0000000623600000, 0x0000000623600000, 0x0000000623800000|  0%| F|  |TAMS 0x0000000623600000, 0x0000000623600000| Untracked 
| 192|0x0000000623800000, 0x0000000623800000, 0x0000000623a00000|  0%| F|  |TAMS 0x0000000623800000, 0x0000000623800000| Untracked 
| 193|0x0000000623a00000, 0x0000000623a00000, 0x0000000623c00000|  0%| F|  |TAMS 0x0000000623a00000, 0x0000000623a00000| Untracked 
| 194|0x0000000623c00000, 0x0000000623c00000, 0x0000000623e00000|  0%| F|  |TAMS 0x0000000623c00000, 0x0000000623c00000| Untracked 
| 195|0x0000000623e00000, 0x0000000623e00000, 0x0000000624000000|  0%| F|  |TAMS 0x0000000623e00000, 0x0000000623e00000| Untracked 
| 196|0x0000000624000000, 0x0000000624000000, 0x0000000624200000|  0%| F|  |TAMS 0x0000000624000000, 0x0000000624000000| Untracked 
| 197|0x0000000624200000, 0x0000000624200000, 0x0000000624400000|  0%| F|  |TAMS 0x0000000624200000, 0x0000000624200000| Untracked 
| 198|0x0000000624400000, 0x0000000624400000, 0x0000000624600000|  0%| F|  |TAMS 0x0000000624400000, 0x0000000624400000| Untracked 
| 199|0x0000000624600000, 0x0000000624600000, 0x0000000624800000|  0%| F|  |TAMS 0x0000000624600000, 0x0000000624600000| Untracked 
| 200|0x0000000624800000, 0x0000000624800000, 0x0000000624a00000|  0%| F|  |TAMS 0x0000000624800000, 0x0000000624800000| Untracked 
| 201|0x0000000624a00000, 0x0000000624a00000, 0x0000000624c00000|  0%| F|  |TAMS 0x0000000624a00000, 0x0000000624a00000| Untracked 
| 202|0x0000000624c00000, 0x0000000624c00000, 0x0000000624e00000|  0%| F|  |TAMS 0x0000000624c00000, 0x0000000624c00000| Untracked 
| 203|0x0000000624e00000, 0x0000000624e00000, 0x0000000625000000|  0%| F|  |TAMS 0x0000000624e00000, 0x0000000624e00000| Untracked 
| 204|0x0000000625000000, 0x0000000625000000, 0x0000000625200000|  0%| F|  |TAMS 0x0000000625000000, 0x0000000625000000| Untracked 
| 205|0x0000000625200000, 0x0000000625200000, 0x0000000625400000|  0%| F|  |TAMS 0x0000000625200000, 0x0000000625200000| Untracked 
| 206|0x0000000625400000, 0x0000000625400000, 0x0000000625600000|  0%| F|  |TAMS 0x0000000625400000, 0x0000000625400000| Untracked 
| 207|0x0000000625600000, 0x0000000625600000, 0x0000000625800000|  0%| F|  |TAMS 0x0000000625600000, 0x0000000625600000| Untracked 
| 208|0x0000000625800000, 0x0000000625800000, 0x0000000625a00000|  0%| F|  |TAMS 0x0000000625800000, 0x0000000625800000| Untracked 
| 209|0x0000000625a00000, 0x0000000625a00000, 0x0000000625c00000|  0%| F|  |TAMS 0x0000000625a00000, 0x0000000625a00000| Untracked 
| 210|0x0000000625c00000, 0x0000000625c00000, 0x0000000625e00000|  0%| F|  |TAMS 0x0000000625c00000, 0x0000000625c00000| Untracked 
| 211|0x0000000625e00000, 0x0000000625e00000, 0x0000000626000000|  0%| F|  |TAMS 0x0000000625e00000, 0x0000000625e00000| Untracked 
| 212|0x0000000626000000, 0x0000000626000000, 0x0000000626200000|  0%| F|  |TAMS 0x0000000626000000, 0x0000000626000000| Untracked 
| 213|0x0000000626200000, 0x0000000626200000, 0x0000000626400000|  0%| F|  |TAMS 0x0000000626200000, 0x0000000626200000| Untracked 
| 214|0x0000000626400000, 0x0000000626400000, 0x0000000626600000|  0%| F|  |TAMS 0x0000000626400000, 0x0000000626400000| Untracked 
| 215|0x0000000626600000, 0x0000000626800000, 0x0000000626800000|100%| E|  |TAMS 0x0000000626600000, 0x0000000626600000| Complete 
| 216|0x0000000626800000, 0x0000000626a00000, 0x0000000626a00000|100%| E|CS|TAMS 0x0000000626800000, 0x0000000626800000| Complete 
| 217|0x0000000626a00000, 0x0000000626c00000, 0x0000000626c00000|100%| E|CS|TAMS 0x0000000626a00000, 0x0000000626a00000| Complete 
| 218|0x0000000626c00000, 0x0000000626e00000, 0x0000000626e00000|100%| E|CS|TAMS 0x0000000626c00000, 0x0000000626c00000| Complete 
| 219|0x0000000626e00000, 0x0000000627000000, 0x0000000627000000|100%| E|CS|TAMS 0x0000000626e00000, 0x0000000626e00000| Complete 
| 220|0x0000000627000000, 0x0000000627200000, 0x0000000627200000|100%| E|CS|TAMS 0x0000000627000000, 0x0000000627000000| Complete 
| 221|0x0000000627200000, 0x0000000627400000, 0x0000000627400000|100%| E|CS|TAMS 0x0000000627200000, 0x0000000627200000| Complete 
| 222|0x0000000627400000, 0x0000000627600000, 0x0000000627600000|100%| E|CS|TAMS 0x0000000627400000, 0x0000000627400000| Complete 
| 223|0x0000000627600000, 0x0000000627800000, 0x0000000627800000|100%| E|CS|TAMS 0x0000000627600000, 0x0000000627600000| Complete 
| 224|0x0000000627800000, 0x0000000627a00000, 0x0000000627a00000|100%| E|CS|TAMS 0x0000000627800000, 0x0000000627800000| Complete 
| 225|0x0000000627a00000, 0x0000000627c00000, 0x0000000627c00000|100%| E|CS|TAMS 0x0000000627a00000, 0x0000000627a00000| Complete 
| 226|0x0000000627c00000, 0x0000000627e00000, 0x0000000627e00000|100%| E|CS|TAMS 0x0000000627c00000, 0x0000000627c00000| Complete 
| 227|0x0000000627e00000, 0x0000000628000000, 0x0000000628000000|100%| E|CS|TAMS 0x0000000627e00000, 0x0000000627e00000| Complete 
| 228|0x0000000628000000, 0x0000000628200000, 0x0000000628200000|100%| E|CS|TAMS 0x0000000628000000, 0x0000000628000000| Complete 
| 229|0x0000000628200000, 0x0000000628400000, 0x0000000628400000|100%| E|CS|TAMS 0x0000000628200000, 0x0000000628200000| Complete 
| 230|0x0000000628400000, 0x0000000628600000, 0x0000000628600000|100%| E|CS|TAMS 0x0000000628400000, 0x0000000628400000| Complete 
| 231|0x0000000628600000, 0x0000000628800000, 0x0000000628800000|100%| E|CS|TAMS 0x0000000628600000, 0x0000000628600000| Complete 
| 232|0x0000000628800000, 0x0000000628a00000, 0x0000000628a00000|100%| E|CS|TAMS 0x0000000628800000, 0x0000000628800000| Complete 
| 233|0x0000000628a00000, 0x0000000628c00000, 0x0000000628c00000|100%| E|CS|TAMS 0x0000000628a00000, 0x0000000628a00000| Complete 
| 234|0x0000000628c00000, 0x0000000628e00000, 0x0000000628e00000|100%| E|CS|TAMS 0x0000000628c00000, 0x0000000628c00000| Complete 
| 235|0x0000000628e00000, 0x0000000629000000, 0x0000000629000000|100%| E|CS|TAMS 0x0000000628e00000, 0x0000000628e00000| Complete 
| 236|0x0000000629000000, 0x0000000629200000, 0x0000000629200000|100%| E|CS|TAMS 0x0000000629000000, 0x0000000629000000| Complete 
| 237|0x0000000629200000, 0x00000006292f89b0, 0x0000000629400000| 48%| S|CS|TAMS 0x0000000629200000, 0x0000000629200000| Complete 
| 238|0x0000000629400000, 0x0000000629600000, 0x0000000629600000|100%| S|CS|TAMS 0x0000000629400000, 0x0000000629400000| Complete 
| 239|0x0000000629600000, 0x0000000629800000, 0x0000000629800000|100%| E|CS|TAMS 0x0000000629600000, 0x0000000629600000| Complete 
| 240|0x0000000629800000, 0x0000000629a00000, 0x0000000629a00000|100%| E|CS|TAMS 0x0000000629800000, 0x0000000629800000| Complete 
| 241|0x0000000629a00000, 0x0000000629c00000, 0x0000000629c00000|100%| E|CS|TAMS 0x0000000629a00000, 0x0000000629a00000| Complete 
| 242|0x0000000629c00000, 0x0000000629e00000, 0x0000000629e00000|100%| E|CS|TAMS 0x0000000629c00000, 0x0000000629c00000| Complete 
| 243|0x0000000629e00000, 0x000000062a000000, 0x000000062a000000|100%| E|CS|TAMS 0x0000000629e00000, 0x0000000629e00000| Complete 
| 244|0x000000062a000000, 0x000000062a200000, 0x000000062a200000|100%| E|CS|TAMS 0x000000062a000000, 0x000000062a000000| Complete 
| 245|0x000000062a200000, 0x000000062a400000, 0x000000062a400000|100%| E|CS|TAMS 0x000000062a200000, 0x000000062a200000| Complete 
| 246|0x000000062a400000, 0x000000062a600000, 0x000000062a600000|100%| E|CS|TAMS 0x000000062a400000, 0x000000062a400000| Complete 
| 247|0x000000062a600000, 0x000000062a800000, 0x000000062a800000|100%| E|CS|TAMS 0x000000062a600000, 0x000000062a600000| Complete 
| 248|0x000000062a800000, 0x000000062aa00000, 0x000000062aa00000|100%| E|CS|TAMS 0x000000062a800000, 0x000000062a800000| Complete 
| 249|0x000000062aa00000, 0x000000062ac00000, 0x000000062ac00000|100%| E|CS|TAMS 0x000000062aa00000, 0x000000062aa00000| Complete 
| 250|0x000000062ac00000, 0x000000062ae00000, 0x000000062ae00000|100%| E|CS|TAMS 0x000000062ac00000, 0x000000062ac00000| Complete 
|4002|0x00000007ffc00000, 0x00000007ffd47000, 0x00000007ffe00000| 63%|OA|  |TAMS 0x00000007ffc00000, 0x00000007ffc00000| Untracked 
|4003|0x00000007ffe00000, 0x00000007ffe72000, 0x0000000800000000| 22%|CA|  |TAMS 0x00000007ffe00000, 0x00000007ffe00000| Untracked 

Card table byte_map: [0x00007f203e529000,0x00007f203f4cd000] _byte_map_base: 0x00007f203b4cd000

Marking Bits (Prev, Next): (CMBitMap*) 0x00007f2058066f68, (CMBitMap*) 0x00007f2058066fa8
 Prev Bits: [0x00007f2035865000, 0x00007f203d585000)
 Next Bits: [0x00007f202db45000, 0x00007f2035865000)

Polling page: 0x00007f205e9c5000

Metaspace:

Usage:
  Non-class:      8.40 MB capacity,     5.91 MB ( 70%) used,     2.48 MB ( 30%) free+waste,     9.31 KB ( <1%) overhead. 
      Class:    663.00 KB capacity,   357.20 KB ( 54%) used,   302.23 KB ( 46%) free+waste,     3.56 KB ( <1%) overhead. 
       Both:      9.05 MB capacity,     6.26 MB ( 69%) used,     2.77 MB ( 31%) free+waste,    12.88 KB ( <1%) overhead. 

Virtual space:
  Non-class space:       10.00 MB reserved,       8.75 MB ( 88%) committed 
      Class space:        1.00 GB reserved,     768.00 KB ( <1%) committed 
             Both:        1.01 GB reserved,       9.50 MB ( <1%) committed 

Chunk freelists:
   Non-Class:  22.00 KB
       Class:  640 bytes
        Both:  22.62 KB

CodeHeap 'non-profiled nmethods': size=120032Kb used=642Kb max_used=642Kb free=119390Kb
 bounds [0x00007f2048640000, 0x00007f20488b0000, 0x00007f204fb78000]
CodeHeap 'profiled nmethods': size=120028Kb used=2091Kb max_used=2091Kb free=117936Kb
 bounds [0x00007f2041109000, 0x00007f2041379000, 0x00007f2048640000]
CodeHeap 'non-nmethods': size=5700Kb used=1474Kb max_used=1545Kb free=4225Kb
 bounds [0x00007f2040b78000, 0x00007f2040de8000, 0x00007f2041109000]
 total_blobs=2458 nmethods=1051 adapters=905
 compilation: enabled
              stopped_count=0, restarted_count=0
 full_count=0

Compilation events (10 events):
Event: 4.362 Thread 0x00007f2058255000 nmethod 1046 0x00007f20486df190 code [0x00007f20486df320, 0x00007f20486df418]
Event: 4.958 Thread 0x00007f2058255000 1047       4       java.nio.DirectByteBuffer::<init> (53 bytes)
Event: 4.961 Thread 0x00007f2058255000 nmethod 1047 0x00007f20486df510 code [0x00007f20486df6c0, 0x00007f20486dfb38]
Event: 5.269 Thread 0x00007f2058255000 1048       4       java.nio.DirectByteBufferR::slice (81 bytes)
Event: 5.269 Thread 0x00007f2058257000 1049   !   3       sun.net.www.ParseUtil::decode (316 bytes)
Event: 5.273 Thread 0x00007f2058255000 nmethod 1048 0x00007f20486dfe90 code [0x00007f20486e0040, 0x00007f20486e0298]
Event: 5.273 Thread 0x00007f2058257000 nmethod 1049 0x00007f204130d910 code [0x00007f204130df80, 0x00007f20413118f8]
Event: 5.803 Thread 0x00007f2058255000 1050       4       java.util.Objects::requireNonNull (14 bytes)
Event: 5.804 Thread 0x00007f2058255000 nmethod 1050 0x00007f20486e0590 code [0x00007f20486e0720, 0x00007f20486e0778]
Event: 5.807 Thread 0x00007f2058257000 1051       3       java.nio.MappedByteBuffer::flip (5 bytes)

GC Heap History (2 events):
Event: 1.111 GC heap before
{Heap before GC invocations=0 (full 0):
 garbage-first heap   total 518144K, used 24292K [0x000000060b800000, 0x0000000800000000)
  region size 2048K, 12 young (24576K), 0 survivors (0K)
 Metaspace       used 4391K, capacity 7619K, committed 8064K, reserved 1056768K
  class space    used 234K, capacity 563K, committed 640K, reserved 1048576K
}
Event: 1.126 GC heap after
{Heap after GC invocations=1 (full 0):
 garbage-first heap   total 518144K, used 4806K [0x000000060b800000, 0x0000000800000000)
  region size 2048K, 2 young (4096K), 2 survivors (4096K)
 Metaspace       used 4391K, capacity 7619K, committed 8064K, reserved 1056768K
  class space    used 234K, capacity 563K, committed 640K, reserved 1048576K
}

Deoptimization events (10 events):
Event: 1.228 Thread 0x00007f2058014000 Uncommon trap: reason=unstable_if action=reinterpret pc=0x00007f20486870b8 method=java.io.BufferedReader.readLine(Z)Ljava/lang/String; @ 153 c2
Event: 1.284 Thread 0x00007f2058014000 Uncommon trap: reason=unstable_if action=reinterpret pc=0x00007f204868f6c0 method=jdk.internal.math.FloatingDecimal.readJavaFormatString(Ljava/lang/String;)Ljdk/internal/math/FloatingDecimal$ASCIIToBinaryConverter; @ 235 c2
Event: 1.425 Thread 0x00007f2058014000 Uncommon trap: reason=intrinsic_or_type_checked_inlining action=make_not_entrant pc=0x00007f204869e2d4 method=java.util.ArrayList$SubList.toArray([Ljava/lang/Object;)[Ljava/lang/Object; @ 58 c2
Event: 1.425 Thread 0x00007f2058014000 Uncommon trap: reason=intrinsic_or_type_checked_inlining action=make_not_entrant pc=0x00007f20486991bc method=java.util.ArrayList$SubList.toArray([Ljava/lang/Object;)[Ljava/lang/Object; @ 58 c2
Event: 1.425 Thread 0x00007f2058014000 Uncommon trap: reason=intrinsic_or_type_checked_inlining action=make_not_entrant pc=0x00007f204869adac method=java.util.ArrayList$SubList.toArray([Ljava/lang/Object;)[Ljava/lang/Object; @ 58 c2
Event: 1.433 Thread 0x00007f2058014000 Uncommon trap: reason=unstable_if action=reinterpret pc=0x00007f2048690c5c method=jdk.internal.math.FloatingDecimal$ASCIIToBinaryBuffer.floatValue()F @ 65 c2
Event: 1.802 Thread 0x00007f2058014000 Uncommon trap: reason=unstable_if action=reinterpret pc=0x00007f20486ce434 method=de.matthiasmann.twl.utils.PNGDecoder.unfilter([B[B)V @ 3 c2
Event: 3.644 Thread 0x00007f2058014000 Uncommon trap: reason=unstable_if action=reinterpret pc=0x00007f20486d2254 method=de.matthiasmann.twl.utils.PNGDecoder.unfilterPaeth([B[B)V @ 149 c2
Event: 3.644 Thread 0x00007f2058014000 Uncommon trap: reason=unstable_if action=reinterpret pc=0x00007f20486cffec method=de.matthiasmann.twl.utils.PNGDecoder.unfilterPaeth([B[B)V @ 149 c2
Event: 3.645 Thread 0x00007f2058014000 Uncommon trap: reason=unstable_if action=reinterpret pc=0x00007f20486d0950 method=de.matthiasmann.twl.utils.PNGDecoder.unfilterPaeth([B[B)V @ 149 c2

Classes redefined (0 events):
No events

Internal exceptions (8 events):
Event: 0.109 Thread 0x00007f2058014000 Exception <a 'java/lang/NoSuchMethodError'{0x000000062a71c810}: java.lang.invoke.DelegatingMethodHandle$Holder.delegate(Ljava/lang/Object;Ljava/lang/Object;ILjava/lang/Object;)V> (0x000000062a71c810) thrown at [/scratch/opt/mach5/mesos/work_dir/slaves/2dd
Event: 0.110 Thread 0x00007f2058014000 Exception <a 'java/lang/NoSuchMethodError'{0x000000062a723518}: java.lang.invoke.DirectMethodHandle$Holder.invokeStaticInit(Ljava/lang/Object;Ljava/lang/Object;Ljava/lang/Object;)Ljava/lang/Object;> (0x000000062a723518) thrown at [/scratch/opt/mach5/mesos
Event: 0.130 Thread 0x00007f2058014000 Exception <a 'sun/nio/fs/UnixException'{0x000000062a539078}> (0x000000062a539078) thrown at [/scratch/opt/mach5/mesos/work_dir/slaves/2dd962d0-8988-479b-a804-57ab764ada59-S77524/frameworks/1735e8a2-a1db-478c-8104-60c8b0af87dd-0196/executors/1f998a92-396c-
Event: 0.144 Thread 0x00007f2058014000 Exception <a 'sun/nio/fs/UnixException'{0x000000062a29b2e8}> (0x000000062a29b2e8) thrown at [/scratch/opt/mach5/mesos/work_dir/slaves/2dd962d0-8988-479b-a804-57ab764ada59-S77524/frameworks/1735e8a2-a1db-478c-8104-60c8b0af87dd-0196/executors/1f998a92-396c-
Event: 0.949 Thread 0x00007f2058014000 Exception <a 'sun/nio/fs/UnixException'{0x000000062a140070}> (0x000000062a140070) thrown at [/scratch/opt/mach5/mesos/work_dir/slaves/2dd962d0-8988-479b-a804-57ab764ada59-S77524/frameworks/1735e8a2-a1db-478c-8104-60c8b0af87dd-0196/executors/1f998a92-396c-
Event: 0.956 Thread 0x00007f2058014000 Exception <a 'sun/nio/fs/UnixException'{0x000000062a18e520}> (0x000000062a18e520) thrown at [/scratch/opt/mach5/mesos/work_dir/slaves/2dd962d0-8988-479b-a804-57ab764ada59-S77524/frameworks/1735e8a2-a1db-478c-8104-60c8b0af87dd-0196/executors/1f998a92-396c-
Event: 1.027 Thread 0x00007f2058014000 Exception <a 'sun/nio/fs/UnixException'{0x0000000629fad7b8}> (0x0000000629fad7b8) thrown at [/scratch/opt/mach5/mesos/work_dir/slaves/2dd962d0-8988-479b-a804-57ab764ada59-S77524/frameworks/1735e8a2-a1db-478c-8104-60c8b0af87dd-0196/executors/1f998a92-396c-
Event: 1.219 Thread 0x00007f2058014000 Exception <a 'sun/nio/fs/UnixException'{0x000000062a59b720}> (0x000000062a59b720) thrown at [/scratch/opt/mach5/mesos/work_dir/slaves/2dd962d0-8988-479b-a804-57ab764ada59-S77524/frameworks/1735e8a2-a1db-478c-8104-60c8b0af87dd-0196/executors/1f998a92-396c-

Events (10 events):
Event: 3.815 Thread 0x00007f2058014000 DEOPT PACKING pc=0x00007f204130585e sp=0x00007f205cf27c20
Event: 3.815 Thread 0x00007f2058014000 DEOPT UNPACKING pc=0x00007f2040ba11ba sp=0x00007f205cf270f0 mode 0
Event: 3.815 Thread 0x00007f2058014000 DEOPT PACKING pc=0x00007f204130585e sp=0x00007f205cf27c20
Event: 3.815 Thread 0x00007f2058014000 DEOPT UNPACKING pc=0x00007f2040ba11ba sp=0x00007f205cf270f0 mode 0
Event: 5.803 loading class engine/scene/particles/ParticleTexture
Event: 5.803 loading class engine/scene/particles/ParticleTexture done
Event: 5.803 loading class engine/scene/particles/systems/SimpleParticleSystem
Event: 5.803 loading class engine/scene/particles/systems/SimpleParticleSystem done
Event: 5.803 loading class engine/scene/particles/TRParticleSystem
Event: 5.803 loading class engine/scene/particles/TRParticleSystem done


Dynamic libraries:
00400000-00401000 r-xp 00000000 fd:01 22286592                           /usr/lib/jvm/java-12-oracle/bin/java
00600000-00601000 r--p 00000000 fd:01 22286592                           /usr/lib/jvm/java-12-oracle/bin/java
00601000-00602000 rw-p 00001000 fd:01 22286592                           /usr/lib/jvm/java-12-oracle/bin/java
02287000-022a8000 rw-p 00000000 00:00 0                                  [heap]
40200000-402b2000 rw-p 00000000 00:00 0 
409fb000-409fd000 r-xs 00000000 fd:01 23200187                           /tmp/.glyVuEsx (deleted)
60b800000-62ae00000 rw-p 00000000 00:00 0 
62ae00000-7ffc00000 ---p 00000000 00:00 0 
7ffc00000-7ffd00000 rw-p 00000000 00:00 0 
7ffd00000-7ffd47000 rw-p 0119c000 fd:01 23204114                         /usr/lib/jvm/java-12-oracle/lib/server/classes.jsa
7ffd47000-7ffe00000 rw-p 00000000 00:00 0 
7ffe00000-7ffe72000 rw-p 0112a000 fd:01 23204114                         /usr/lib/jvm/java-12-oracle/lib/server/classes.jsa
7ffe72000-800000000 rw-p 00000000 00:00 0 
800000000-800003000 rwxp 00001000 fd:01 23204114                         /usr/lib/jvm/java-12-oracle/lib/server/classes.jsa
800003000-8003d9000 rw-p 00004000 fd:01 23204114                         /usr/lib/jvm/java-12-oracle/lib/server/classes.jsa
8003d9000-800ae3000 r--p 003da000 fd:01 23204114                         /usr/lib/jvm/java-12-oracle/lib/server/classes.jsa
800ae3000-800ae4000 rw-p 00ae4000 fd:01 23204114                         /usr/lib/jvm/java-12-oracle/lib/server/classes.jsa
800ae4000-801129000 r--p 00ae5000 fd:01 23204114                         /usr/lib/jvm/java-12-oracle/lib/server/classes.jsa
801129000-8011e9000 rw-p 00000000 00:00 0 
8011e9000-841129000 ---p 00000000 00:00 0 
7f1f13fce000-7f1f4ffe6000 rw-p 00000000 00:00 0 
7f1f4ffe6000-7f1f503e6000 rw-s 00000000 00:06 508                        /dev/nvidiactl
7f1f503e6000-7f1f507e6000 rw-s 00000000 00:06 508                        /dev/nvidiactl
7f1f507e6000-7f1f50be6000 rw-s 00000000 00:06 508                        /dev/nvidiactl
7f1f50be6000-7f1f80bf2000 rw-p 00000000 00:00 0 
7f1f80bf2000-7f1f80ff2000 rw-s 00000000 00:06 508                        /dev/nvidiactl
7f1f80ff2000-7f1f813f2000 rw-s 00000000 00:06 508                        /dev/nvidiactl
7f1f813f2000-7f1f817f2000 rw-s 00000000 00:06 508                        /dev/nvidiactl
7f1f817f2000-7f1f81bf2000 rw-s 00000000 00:06 508                        /dev/nvidiactl
7f1f81bf2000-7f1f81ff2000 rw-s 00000000 00:06 508                        /dev/nvidiactl
7f1f81ff2000-7f1fb1ffe000 rw-p 00000000 00:00 0 
7f1fb1ffe000-7f1fb23fe000 rw-s 00000000 00:06 508                        /dev/nvidiactl
7f1fb23fe000-7f1fb27fe000 rw-s 00000000 00:06 508                        /dev/nvidiactl
7f1fb27fe000-7f1fb2bfe000 rw-s 00000000 00:06 508                        /dev/nvidiactl
7f1fb2bfe000-7f1fb4000000 rw-p 00000000 00:00 0 
7f1fb4000000-7f1fb4688000 rw-p 00000000 00:00 0 
7f1fb4688000-7f1fb8000000 ---p 00000000 00:00 0 
7f1fb8000000-7f1fb8400000 rw-s 00000000 00:06 508                        /dev/nvidiactl
7f1fb8400000-7f1fbc021000 rw-p 00000000 00:00 0 
7f1fbc021000-7f1fc0000000 ---p 00000000 00:00 0 
7f1fc0000000-7f1fc0021000 rw-p 00000000 00:00 0 
7f1fc0021000-7f1fc4000000 ---p 00000000 00:00 0 
7f1fc420d000-7f1fc540d000 rw-p 00000000 00:00 0 
7f1fc540d000-7f1fc560d000 rw-s 00000000 00:06 508                        /dev/nvidiactl
7f1fc5a01000-7f1fc5a05000 ---p 00000000 00:00 0 
7f1fc5a05000-7f1fc5b02000 rw-p 00000000 00:00 0 
7f1fc5b02000-7f1fc5b61000 r-xp 00000000 fd:01 23859579                   /tmp/lwjgloscar/3.2.3-build-13/liblwjgl_stb.so
7f1fc5b61000-7f1fc5d60000 ---p 0005f000 fd:01 23859579                   /tmp/lwjgloscar/3.2.3-build-13/liblwjgl_stb.so
7f1fc5d60000-7f1fc5d61000 r--p 0005e000 fd:01 23859579                   /tmp/lwjgloscar/3.2.3-build-13/liblwjgl_stb.so
7f1fc5d61000-7f1fc5d62000 rw-p 0005f000 fd:01 23859579                   /tmp/lwjgloscar/3.2.3-build-13/liblwjgl_stb.so
7f1fc5d62000-7f1fc7dbe000 rw-p 00000000 00:00 0 
7f1fc7dbe000-7f1fc7efe000 ---p 00000000 00:00 0 
7f1fc7efe000-7f1fc7eff000 ---p 00000000 00:00 0 
7f1fc7eff000-7f1fc8000000 rw-p 00000000 00:00 0 
7f1fc8000000-7f1fc8021000 rw-p 00000000 00:00 0 
7f1fc8021000-7f1fcc000000 ---p 00000000 00:00 0 
7f1fcc000000-7f1fcc021000 rw-p 00000000 00:00 0 
7f1fcc021000-7f1fd0000000 ---p 00000000 00:00 0 
7f1fd0000000-7f1fd0021000 rw-p 00000000 00:00 0 
7f1fd0021000-7f1fd4000000 ---p 00000000 00:00 0 
7f1fd4000000-7f1fd4021000 rw-p 00000000 00:00 0 
7f1fd4021000-7f1fd8000000 ---p 00000000 00:00 0 
7f1fd8000000-7f1fd8021000 rw-p 00000000 00:00 0 
7f1fd8021000-7f1fdc000000 ---p 00000000 00:00 0 
7f1fdc000000-7f1fdc021000 rw-p 00000000 00:00 0 
7f1fdc021000-7f1fe0000000 ---p 00000000 00:00 0 
7f1fe0000000-7f1fe0021000 rw-p 00000000 00:00 0 
7f1fe0021000-7f1fe4000000 ---p 00000000 00:00 0 
7f1fe40f2000-7f1fe40f3000 ---p 00000000 00:00 0 
7f1fe40f3000-7f1fe41f4000 rw-p 00000000 00:00 0 
7f1fe41f4000-7f1fe41f5000 ---p 00000000 00:00 0 
7f1fe41f5000-7f1fe42f6000 rw-p 00000000 00:00 0 
7f1fe42f6000-7f1fe42f7000 ---p 00000000 00:00 0 
7f1fe42f7000-7f1fe43f8000 rw-p 00000000 00:00 0 
7f1fe43f8000-7f1fe43f9000 ---p 00000000 00:00 0 
7f1fe43f9000-7f1fe44fa000 rw-p 00000000 00:00 0 
7f1fe44fa000-7f1fe44fb000 ---p 00000000 00:00 0 
7f1fe44fb000-7f1fe45fc000 rw-p 00000000 00:00 0 
7f1fe45fc000-7f1fe45fd000 ---p 00000000 00:00 0 
7f1fe45fd000-7f1fe46fe000 rw-p 00000000 00:00 0 
7f1fe46fe000-7f1fe46ff000 ---p 00000000 00:00 0 
7f1fe46ff000-7f1fe4800000 rw-p 00000000 00:00 0 
7f1fe4800000-7f1fe5000000 rw-p 00000000 00:00 0 
7f1fe5053000-7f1fe5054000 ---p 00000000 00:00 0 
7f1fe5054000-7f1fe5155000 rw-p 00000000 00:00 0 
7f1fe5155000-7f1fe5175000 rw-s 00000000 fd:01 58458697                   /home/oscar/#58458697 (deleted)
7f1fe5175000-7f1fe5195000 r-xs 00000000 fd:01 58458697                   /home/oscar/#58458697 (deleted)
7f1fe5195000-7f1fe51e8000 r-xp 00000000 fd:01 23859578                   /tmp/lwjgloscar/3.2.3-build-13/libjemalloc.so
7f1fe51e8000-7f1fe53e8000 ---p 00053000 fd:01 23859578                   /tmp/lwjgloscar/3.2.3-build-13/libjemalloc.so
7f1fe53e8000-7f1fe53ed000 r--p 00053000 fd:01 23859578                   /tmp/lwjgloscar/3.2.3-build-13/libjemalloc.so
7f1fe53ed000-7f1fe53ee000 rw-p 00058000 fd:01 23859578                   /tmp/lwjgloscar/3.2.3-build-13/libjemalloc.so
7f1fe53ee000-7f1fe5601000 rw-p 00000000 00:00 0 
7f1fe5601000-7f1fe5659000 r-xp 00000000 fd:01 23859577                   /tmp/lwjgloscar/3.2.3-build-13/liblwjgl_opengl.so
7f1fe5659000-7f1fe5858000 ---p 00058000 fd:01 23859577                   /tmp/lwjgloscar/3.2.3-build-13/liblwjgl_opengl.so
7f1fe5858000-7f1fe5859000 r--p 00057000 fd:01 23859577                   /tmp/lwjgloscar/3.2.3-build-13/liblwjgl_opengl.so
7f1fe5859000-7f1fe585a000 rw-p 00058000 fd:01 23859577                   /tmp/lwjgloscar/3.2.3-build-13/liblwjgl_opengl.so
7f1fe585a000-7f1fe58da000 rw-s 00000000 00:06 508                        /dev/nvidiactl
7f1fe58da000-7f1fe595a000 rw-s 00000000 00:06 508                        /dev/nvidiactl
7f1fe595a000-7f1fe59da000 rw-s 00000000 00:06 508                        /dev/nvidiactl
7f1fe59da000-7f1fe5ada000 rw-s 00000000 00:06 508                        /dev/nvidiactl
7f1fe5ada000-7f1fe5aed000 rw-s 00000000 00:06 508                        /dev/nvidiactl
7f1fe5aed000-7f1fe5afd000 rw-s 00000000 00:06 509                        /dev/nvidia0
7f1fe5afd000-7f1fe5b3d000 rw-s 00000000 00:06 508                        /dev/nvidiactl
7f1fe5b3d000-7f1fe5b5d000 rw-s 00000000 00:06 508                        /dev/nvidiactl
7f1fe5b5d000-7f1fe5b9d000 rw-s 00000000 00:06 508                        /dev/nvidiactl
7f1fe5b9d000-7f1fe5bbd000 rw-s 00000000 00:06 508                        /dev/nvidiactl
7f1fe5bbd000-7f1fe5c3d000 rw-s 00000000 00:06 509                        /dev/nvidia0
7f1fe5c3d000-7f1fe5c7d000 rw-s 00000000 00:06 508                        /dev/nvidiactl
7f1fe5c7d000-7f1fe5e0e000 rw-p 00000000 00:00 0 
7f1fe5e0e000-7f1fe7078000 r-xp 00000000 fd:01 21760063                   /usr/lib/x86_64-linux-gnu/libnvidia-glcore.so.430.50
7f1fe7078000-7f1fe7099000 rwxp 0126a000 fd:01 21760063                   /usr/lib/x86_64-linux-gnu/libnvidia-glcore.so.430.50
7f1fe7099000-7f1fe7593000 r-xp 0128b000 fd:01 21760063                   /usr/lib/x86_64-linux-gnu/libnvidia-glcore.so.430.50
7f1fe7593000-7f1fe7792000 ---p 01785000 fd:01 21760063                   /usr/lib/x86_64-linux-gnu/libnvidia-glcore.so.430.50
7f1fe7792000-7f1fe7ac7000 rw-p 01784000 fd:01 21760063                   /usr/lib/x86_64-linux-gnu/libnvidia-glcore.so.430.50
7f1fe7ac7000-7f1fe7ae3000 rw-p 00000000 00:00 0 
7f1fe7ae3000-7f1fe7ae6000 r-xp 00000000 fd:01 21760067                   /usr/lib/x86_64-linux-gnu/libnvidia-tls.so.430.50
7f1fe7ae6000-7f1fe7ce6000 ---p 00003000 fd:01 21760067                   /usr/lib/x86_64-linux-gnu/libnvidia-tls.so.430.50
7f1fe7ce6000-7f1fe7ce7000 rw-p 00003000 fd:01 21760067                   /usr/lib/x86_64-linux-gnu/libnvidia-tls.so.430.50
7f1fe7ce7000-7f1fe7d96000 r-xp 00000000 fd:01 21760059                   /usr/lib/x86_64-linux-gnu/libGLX_nvidia.so.430.50
7f1fe7d96000-7f1fe7dcb000 rwxp 000af000 fd:01 21760059                   /usr/lib/x86_64-linux-gnu/libGLX_nvidia.so.430.50
7f1fe7dcb000-7f1fe7dda000 r-xp 000e4000 fd:01 21760059                   /usr/lib/x86_64-linux-gnu/libGLX_nvidia.so.430.50
7f1fe7dda000-7f1fe7fda000 ---p 000f3000 fd:01 21760059                   /usr/lib/x86_64-linux-gnu/libGLX_nvidia.so.430.50
7f1fe7fda000-7f1fe7ffe000 rw-p 000f3000 fd:01 21760059                   /usr/lib/x86_64-linux-gnu/libGLX_nvidia.so.430.50
7f1fe7ffe000-7f1fe8000000 rw-p 00000000 00:00 0 
7f1fe8000000-7f1fe8021000 rw-p 00000000 00:00 0 
7f1fe8021000-7f1fec000000 ---p 00000000 00:00 0 
7f1fec000000-7f1fed330000 rw-p 00000000 00:00 0 
7f1fed330000-7f1ff0000000 ---p 00000000 00:00 0 
7f1ff0000000-7f1ff0021000 rw-p 00000000 00:00 0 
7f1ff0021000-7f1ff4000000 ---p 00000000 00:00 0 
7f1ff4000000-7f1ff4021000 rw-p 00000000 00:00 0 
7f1ff4021000-7f1ff8000000 ---p 00000000 00:00 0 
7f1ff8000000-7f1ff886f000 rw-p 00000000 00:00 0 
7f1ff886f000-7f1ffc000000 ---p 00000000 00:00 0 
7f1ffc000000-7f1ffc021000 rw-p 00000000 00:00 0 
7f1ffc021000-7f2000000000 ---p 00000000 00:00 0 
7f2000000000-7f2000021000 rw-p 00000000 00:00 0 
7f2000021000-7f2004000000 ---p 00000000 00:00 0 
7f2004000000-7f2004bc1000 rw-p 00000000 00:00 0 
7f2004bc1000-7f2008000000 ---p 00000000 00:00 0 
7f2008000000-7f2008021000 rw-p 00000000 00:00 0 
7f2008021000-7f200c000000 ---p 00000000 00:00 0 
7f200c000000-7f200c021000 rw-p 00000000 00:00 0 
7f200c021000-7f2010000000 ---p 00000000 00:00 0 
7f2010000000-7f2010021000 rw-p 00000000 00:00 0 
7f2010021000-7f2014000000 ---p 00000000 00:00 0 
7f2014000000-7f2014021000 rw-p 00000000 00:00 0 
7f2014021000-7f2018000000 ---p 00000000 00:00 0 
7f2018000000-7f2018021000 rw-p 00000000 00:00 0 
7f2018021000-7f201c000000 ---p 00000000 00:00 0 
7f201c006000-7f201c00a000 r--p 00000000 fd:01 21762398                   /usr/lib/x86_64-linux-gnu/libdrm.so.2.4.0
7f201c00a000-7f201c014000 r-xp 00004000 fd:01 21762398                   /usr/lib/x86_64-linux-gnu/libdrm.so.2.4.0
7f201c014000-7f201c017000 r--p 0000e000 fd:01 21762398                   /usr/lib/x86_64-linux-gnu/libdrm.so.2.4.0
7f201c017000-7f201c018000 ---p 00011000 fd:01 21762398                   /usr/lib/x86_64-linux-gnu/libdrm.so.2.4.0
7f201c018000-7f201c019000 r--p 00011000 fd:01 21762398                   /usr/lib/x86_64-linux-gnu/libdrm.so.2.4.0
7f201c019000-7f201c01a000 rw-p 00012000 fd:01 21762398                   /usr/lib/x86_64-linux-gnu/libdrm.so.2.4.0
7f201c01a000-7f201c11f000 rw-s 00000000 00:06 508                        /dev/nvidiactl
7f201c11f000-7f201c15f000 r--p 00000000 fd:01 21765707                   /usr/lib/x86_64-linux-gnu/libGLdispatch.so.0.0.0
7f201c15f000-7f201c163000 r-xp 00040000 fd:01 21765707                   /usr/lib/x86_64-linux-gnu/libGLdispatch.so.0.0.0
7f201c163000-7f201c17d000 r-xp 00044000 fd:01 21765707                   /usr/lib/x86_64-linux-gnu/libGLdispatch.so.0.0.0
7f201c17d000-7f201c17e000 r-xp 0005e000 fd:01 21765707                   /usr/lib/x86_64-linux-gnu/libGLdispatch.so.0.0.0
7f201c17e000-7f201c191000 r--p 0005f000 fd:01 21765707                   /usr/lib/x86_64-linux-gnu/libGLdispatch.so.0.0.0
7f201c191000-7f201c192000 ---p 00072000 fd:01 21765707                   /usr/lib/x86_64-linux-gnu/libGLdispatch.so.0.0.0
7f201c192000-7f201c1bb000 r--p 00072000 fd:01 21765707                   /usr/lib/x86_64-linux-gnu/libGLdispatch.so.0.0.0
7f201c1bb000-7f201c1bc000 rw-p 0009b000 fd:01 21765707                   /usr/lib/x86_64-linux-gnu/libGLdispatch.so.0.0.0
7f201c1bc000-7f201c1dc000 rw-p 00000000 00:00 0 
7f201c1dc000-7f201c1df000 r--p 00000000 fd:01 21765702                   /usr/lib/x86_64-linux-gnu/libGLX.so.0.0.0
7f201c1df000-7f201c1ea000 r-xp 00003000 fd:01 21765702                   /usr/lib/x86_64-linux-gnu/libGLX.so.0.0.0
7f201c1ea000-7f201c1ed000 r--p 0000e000 fd:01 21765702                   /usr/lib/x86_64-linux-gnu/libGLX.so.0.0.0
7f201c1ed000-7f201c1ee000 ---p 00011000 fd:01 21765702                   /usr/lib/x86_64-linux-gnu/libGLX.so.0.0.0
7f201c1ee000-7f201c1ef000 r--p 00011000 fd:01 21765702                   /usr/lib/x86_64-linux-gnu/libGLX.so.0.0.0
7f201c1ef000-7f201c1f0000 rw-p 00012000 fd:01 21765702                   /usr/lib/x86_64-linux-gnu/libGLX.so.0.0.0
7f201c1f0000-7f201c210000 rw-p 00000000 00:00 0 
7f201c210000-7f201c253000 r--p 00000000 fd:01 21765696                   /usr/lib/x86_64-linux-gnu/libGL.so.1.7.0
7f201c253000-7f201c257000 r-xp 00043000 fd:01 21765696                   /usr/lib/x86_64-linux-gnu/libGL.so.1.7.0
7f201c257000-7f201c271000 r-xp 00047000 fd:01 21765696                   /usr/lib/x86_64-linux-gnu/libGL.so.1.7.0
7f201c271000-7f201c272000 r-xp 00061000 fd:01 21765696                   /usr/lib/x86_64-linux-gnu/libGL.so.1.7.0
7f201c272000-7f201c287000 r--p 00062000 fd:01 21765696                   /usr/lib/x86_64-linux-gnu/libGL.so.1.7.0
7f201c287000-7f201c288000 ---p 00077000 fd:01 21765696                   /usr/lib/x86_64-linux-gnu/libGL.so.1.7.0
7f201c288000-7f201c2a2000 r--p 00077000 fd:01 21765696                   /usr/lib/x86_64-linux-gnu/libGL.so.1.7.0
7f201c2a2000-7f201c2a3000 rw-p 00091000 fd:01 21765696                   /usr/lib/x86_64-linux-gnu/libGL.so.1.7.0
7f201c2a3000-7f201c2a4000 rw-p 00000000 00:00 0 
7f201c2c8000-7f201c2cd000 r-xp 00000000 fd:01 21765743                   /usr/lib/x86_64-linux-gnu/libXfixes.so.3.1.0
7f201c2cd000-7f201c4cc000 ---p 00005000 fd:01 21765743                   /usr/lib/x86_64-linux-gnu/libXfixes.so.3.1.0
7f201c4cc000-7f201c4cd000 r--p 00004000 fd:01 21765743                   /usr/lib/x86_64-linux-gnu/libXfixes.so.3.1.0
7f201c4cd000-7f201c4ce000 rw-p 00005000 fd:01 21765743                   /usr/lib/x86_64-linux-gnu/libXfixes.so.3.1.0
7f201c4ce000-7f201c4d1000 r--p 00000000 fd:01 21765524                   /usr/lib/x86_64-linux-gnu/libXcursor.so.1.0.2
7f201c4d1000-7f201c4d7000 r-xp 00003000 fd:01 21765524                   /usr/lib/x86_64-linux-gnu/libXcursor.so.1.0.2
7f201c4d7000-7f201c4d9000 r--p 00009000 fd:01 21765524                   /usr/lib/x86_64-linux-gnu/libXcursor.so.1.0.2
7f201c4d9000-7f201c4da000 r--p 0000a000 fd:01 21765524                   /usr/lib/x86_64-linux-gnu/libXcursor.so.1.0.2
7f201c4da000-7f201c4db000 rw-p 0000b000 fd:01 21765524                   /usr/lib/x86_64-linux-gnu/libXcursor.so.1.0.2
7f201c4db000-7f201c4e4000 r-xp 00000000 fd:01 21765761                   /usr/lib/x86_64-linux-gnu/libXrender.so.1.3.0
7f201c4e4000-7f201c6e3000 ---p 00009000 fd:01 21765761                   /usr/lib/x86_64-linux-gnu/libXrender.so.1.3.0
7f201c6e3000-7f201c6e4000 r--p 00008000 fd:01 21765761                   /usr/lib/x86_64-linux-gnu/libXrender.so.1.3.0
7f201c6e4000-7f201c6e5000 rw-p 00009000 fd:01 21765761                   /usr/lib/x86_64-linux-gnu/libXrender.so.1.3.0
7f201c6e5000-7f201c6e7000 r--p 00000000 fd:01 21767094                   /usr/lib/x86_64-linux-gnu/libXrandr.so.2.2.0
7f201c6e7000-7f201c6ee000 r-xp 00002000 fd:01 21767094                   /usr/lib/x86_64-linux-gnu/libXrandr.so.2.2.0
7f201c6ee000-7f201c6f0000 r--p 00009000 fd:01 21767094                   /usr/lib/x86_64-linux-gnu/libXrandr.so.2.2.0
7f201c6f0000-7f201c6f1000 r--p 0000a000 fd:01 21767094                   /usr/lib/x86_64-linux-gnu/libXrandr.so.2.2.0
7f201c6f1000-7f201c6f2000 rw-p 0000b000 fd:01 21767094                   /usr/lib/x86_64-linux-gnu/libXrandr.so.2.2.0
7f201c6f2000-7f201c6f4000 r--p 00000000 fd:01 21766421                   /usr/lib/x86_64-linux-gnu/libXi.so.6.1.0
7f201c6f4000-7f201c6ff000 r-xp 00002000 fd:01 21766421                   /usr/lib/x86_64-linux-gnu/libXi.so.6.1.0
7f201c6ff000-7f201c702000 r--p 0000d000 fd:01 21766421                   /usr/lib/x86_64-linux-gnu/libXi.so.6.1.0
7f201c702000-7f201c703000 r--p 0000f000 fd:01 21766421                   /usr/lib/x86_64-linux-gnu/libXi.so.6.1.0
7f201c703000-7f201c704000 rw-p 00010000 fd:01 21766421                   /usr/lib/x86_64-linux-gnu/libXi.so.6.1.0
7f201c704000-7f201c708000 r--p 00000000 fd:01 21765520                   /usr/lib/x86_64-linux-gnu/libXext.so.6.4.0
7f201c708000-7f201c713000 r-xp 00004000 fd:01 21765520                   /usr/lib/x86_64-linux-gnu/libXext.so.6.4.0
7f201c713000-7f201c717000 r--p 0000f000 fd:01 21765520                   /usr/lib/x86_64-linux-gnu/libXext.so.6.4.0
7f201c717000-7f201c718000 r--p 00012000 fd:01 21765520                   /usr/lib/x86_64-linux-gnu/libXext.so.6.4.0
7f201c718000-7f201c719000 rw-p 00013000 fd:01 21765520                   /usr/lib/x86_64-linux-gnu/libXext.so.6.4.0
7f201c719000-7f201c724000 r--p 00000000 fd:01 21767178                   /usr/lib/x86_64-linux-gnu/libxcb.so.1.1.0
7f201c724000-7f201c737000 r-xp 0000b000 fd:01 21767178                   /usr/lib/x86_64-linux-gnu/libxcb.so.1.1.0
7f201c737000-7f201c740000 r--p 0001e000 fd:01 21767178                   /usr/lib/x86_64-linux-gnu/libxcb.so.1.1.0
7f201c740000-7f201c741000 r--p 00026000 fd:01 21767178                   /usr/lib/x86_64-linux-gnu/libxcb.so.1.1.0
7f201c741000-7f201c742000 rw-p 00027000 fd:01 21767178                   /usr/lib/x86_64-linux-gnu/libxcb.so.1.1.0
7f201c742000-7f201c75b000 r--p 00000000 fd:01 21759395                   /usr/lib/x86_64-linux-gnu/libX11.so.6.3.0
7f201c75b000-7f201c7e6000 r-xp 00019000 fd:01 21759395                   /usr/lib/x86_64-linux-gnu/libX11.so.6.3.0
7f201c7e6000-7f201c87a000 r--p 000a4000 fd:01 21759395                   /usr/lib/x86_64-linux-gnu/libX11.so.6.3.0
7f201c87a000-7f201c87b000 ---p 00138000 fd:01 21759395                   /usr/lib/x86_64-linux-gnu/libX11.so.6.3.0
7f201c87b000-7f201c87c000 r--p 00138000 fd:01 21759395                   /usr/lib/x86_64-linux-gnu/libX11.so.6.3.0
7f201c87c000-7f201c880000 rw-p 00139000 fd:01 21759395                   /usr/lib/x86_64-linux-gnu/libX11.so.6.3.0
7f201c885000-7f201c887000 r-xp 00000000 00:00 0 
7f201c887000-7f201c889000 rw-s 00000000 fd:01 23200187                   /tmp/.glyVuEsx (deleted)
7f201c889000-7f201c88d000 rw-s 00000000 00:06 508                        /dev/nvidiactl
7f201c88d000-7f201c89d000 rw-s 00000000 00:06 509                        /dev/nvidia0
7f201c89d000-7f201c8a4000 r--s 00000000 fd:01 22418692                   /usr/lib/x86_64-linux-gnu/gconv/gconv-modules.cache
7f201c8a4000-7f201c8e7000 r-xp 00000000 fd:01 23859576                   /tmp/lwjgloscar/3.2.3-build-13/libglfw.so
7f201c8e7000-7f201cae6000 ---p 00043000 fd:01 23859576                   /tmp/lwjgloscar/3.2.3-build-13/libglfw.so
7f201cae6000-7f201cae7000 r--p 00042000 fd:01 23859576                   /tmp/lwjgloscar/3.2.3-build-13/libglfw.so
7f201cae7000-7f201cae9000 rw-p 00043000 fd:01 23859576                   /tmp/lwjgloscar/3.2.3-build-13/libglfw.so
7f201cae9000-7f201cb0a000 rw-p 00000000 00:00 0 
7f201cb0a000-7f201cb5b000 r-xp 00000000 fd:01 23859575                   /tmp/lwjgloscar/3.2.3-build-13/liblwjgl.so
7f201cb5b000-7f201cd5a000 ---p 00051000 fd:01 23859575                   /tmp/lwjgloscar/3.2.3-build-13/liblwjgl.so
7f201cd5a000-7f201cd5b000 r--p 00050000 fd:01 23859575                   /tmp/lwjgloscar/3.2.3-build-13/liblwjgl.so
7f201cd5b000-7f201cd5c000 rw-p 00051000 fd:01 23859575                   /tmp/lwjgloscar/3.2.3-build-13/liblwjgl.so
7f201cd5c000-7f201cd60000 ---p 00000000 00:00 0 
7f201cd60000-7f201ce5d000 rw-p 00000000 00:00 0 
7f201ce5d000-7f201ce73000 r-xp 00000000 fd:01 23204093                   /usr/lib/jvm/java-12-oracle/lib/libnet.so
7f201ce73000-7f201d073000 ---p 00016000 fd:01 23204093                   /usr/lib/jvm/java-12-oracle/lib/libnet.so
7f201d073000-7f201d074000 r--p 00016000 fd:01 23204093                   /usr/lib/jvm/java-12-oracle/lib/libnet.so
7f201d074000-7f201d075000 rw-p 00017000 fd:01 23204093                   /usr/lib/jvm/java-12-oracle/lib/libnet.so
7f201d075000-7f201d086000 r-xp 00000000 fd:01 23204094                   /usr/lib/jvm/java-12-oracle/lib/libnio.so
7f201d086000-7f201d285000 ---p 00011000 fd:01 23204094                   /usr/lib/jvm/java-12-oracle/lib/libnio.so
7f201d285000-7f201d286000 r--p 00010000 fd:01 23204094                   /usr/lib/jvm/java-12-oracle/lib/libnio.so
7f201d286000-7f201d287000 rw-p 00011000 fd:01 23204094                   /usr/lib/jvm/java-12-oracle/lib/libnio.so
7f201d287000-7f201d28b000 ---p 00000000 00:00 0 
7f201d28b000-7f201d388000 rw-p 00000000 00:00 0 
7f201d388000-7f201d389000 ---p 00000000 00:00 0 
7f201d389000-7f201d48a000 rw-p 00000000 00:00 0 
7f201d48a000-7f201d48e000 ---p 00000000 00:00 0 
7f201d48e000-7f201d58b000 rw-p 00000000 00:00 0 
7f201d58b000-7f201d58f000 ---p 00000000 00:00 0 
7f201d58f000-7f201d68c000 rw-p 00000000 00:00 0 
7f201d68c000-7f201d690000 ---p 00000000 00:00 0 
7f201d690000-7f201d78d000 rw-p 00000000 00:00 0 
7f201d78d000-7f201d791000 ---p 00000000 00:00 0 
7f201d791000-7f201d88e000 rw-p 00000000 00:00 0 
7f201d88e000-7f201d892000 ---p 00000000 00:00 0 
7f201d892000-7f201d98f000 rw-p 00000000 00:00 0 
7f201d98f000-7f201deff000 r--p 00000000 fd:01 21758427                   /usr/lib/locale/locale-archive
7f201deff000-7f201df03000 ---p 00000000 00:00 0 
7f201df03000-7f2020000000 rw-p 00000000 00:00 0 
7f2020000000-7f2020021000 rw-p 00000000 00:00 0 
7f2020021000-7f2024000000 ---p 00000000 00:00 0 
7f2024000000-7f2024021000 rw-p 00000000 00:00 0 
7f2024021000-7f2028000000 ---p 00000000 00:00 0 
7f2028000000-7f2028021000 rw-p 00000000 00:00 0 
7f2028021000-7f202c000000 ---p 00000000 00:00 0 
7f202c000000-7f202c001000 r-xp 00000000 00:00 0 
7f202c001000-7f202c002000 rw-s 00000000 00:06 508                        /dev/nvidiactl
7f202c002000-7f202c003000 rw-s 00000000 00:06 508                        /dev/nvidiactl
7f202c003000-7f202c004000 rw-s 00000000 00:06 508                        /dev/nvidiactl
7f202c004000-7f202c008000 r--p 00000000 fd:01 21761518                   /usr/lib/x86_64-linux-gnu/libbsd.so.0.10.0
7f202c008000-7f202c017000 r-xp 00004000 fd:01 21761518                   /usr/lib/x86_64-linux-gnu/libbsd.so.0.10.0
7f202c017000-7f202c01a000 r--p 00013000 fd:01 21761518                   /usr/lib/x86_64-linux-gnu/libbsd.so.0.10.0
7f202c01a000-7f202c01b000 ---p 00016000 fd:01 21761518                   /usr/lib/x86_64-linux-gnu/libbsd.so.0.10.0
7f202c01b000-7f202c01c000 r--p 00016000 fd:01 21761518                   /usr/lib/x86_64-linux-gnu/libbsd.so.0.10.0
7f202c01c000-7f202c01d000 rw-p 00017000 fd:01 21761518                   /usr/lib/x86_64-linux-gnu/libbsd.so.0.10.0
7f202c01d000-7f202c04f000 rw-p 00000000 00:00 0 
7f202c04f000-7f202c053000 ---p 00000000 00:00 0 
7f202c053000-7f202c150000 rw-p 00000000 00:00 0 
7f202c150000-7f202c151000 ---p 00000000 00:00 0 
7f202c151000-7f202cb2e000 rw-p 00000000 00:00 0 
7f202cb2e000-7f202cb2f000 ---p 00000000 00:00 0 
7f202cb2f000-7f202cc30000 rw-p 00000000 00:00 0 
7f202cc30000-7f202cc31000 ---p 00000000 00:00 0 
7f202cc31000-7f202d73c000 rw-p 00000000 00:00 0 
7f202d73c000-7f202d73d000 ---p 00000000 00:00 0 
7f202d73d000-7f202d83e000 rw-p 00000000 00:00 0 
7f202d83e000-7f202d83f000 ---p 00000000 00:00 0 
7f202d83f000-7f202d940000 rw-p 00000000 00:00 0 
7f202d940000-7f202d941000 ---p 00000000 00:00 0 
7f202d941000-7f202e31d000 rw-p 00000000 00:00 0 
7f202e31d000-7f2035855000 ---p 00000000 00:00 0 
7f2035855000-7f203603d000 rw-p 00000000 00:00 0 
7f203603d000-7f203d575000 ---p 00000000 00:00 0 
7f203d575000-7f203d680000 rw-p 00000000 00:00 0 
7f203d680000-7f203e527000 ---p 00000000 00:00 0 
7f203e527000-7f203e624000 rw-p 00000000 00:00 0 
7f203e624000-7f203f4cb000 ---p 00000000 00:00 0 
7f203f4cb000-7f203f5c8000 rw-p 00000000 00:00 0 
7f203f5c8000-7f204046f000 ---p 00000000 00:00 0 
7f204046f000-7f2040b78000 rw-p 00000000 00:00 0 
7f2040b78000-7f2040de8000 rwxp 00000000 00:00 0 
7f2040de8000-7f2041109000 ---p 00000000 00:00 0 
7f2041109000-7f2041379000 rwxp 00000000 00:00 0 
7f2041379000-7f2048640000 ---p 00000000 00:00 0 
7f2048640000-7f20488b0000 rwxp 00000000 00:00 0 
7f20488b0000-7f204fb78000 ---p 00000000 00:00 0 
7f204fb78000-7f2058000000 r--s 00000000 fd:01 23204104                   /usr/lib/jvm/java-12-oracle/lib/modules
7f2058000000-7f20593c8000 rw-p 00000000 00:00 0 
7f20593c8000-7f205c000000 ---p 00000000 00:00 0 
7f205c000000-7f205c001000 r--p 00000000 fd:01 21764390                   /usr/lib/x86_64-linux-gnu/libX11-xcb.so.1.0.0
7f205c001000-7f205c002000 r-xp 00001000 fd:01 21764390                   /usr/lib/x86_64-linux-gnu/libX11-xcb.so.1.0.0
7f205c002000-7f205c003000 r--p 00002000 fd:01 21764390                   /usr/lib/x86_64-linux-gnu/libX11-xcb.so.1.0.0
7f205c003000-7f205c004000 r--p 00002000 fd:01 21764390                   /usr/lib/x86_64-linux-gnu/libX11-xcb.so.1.0.0
7f205c004000-7f205c005000 rw-p 00003000 fd:01 21764390                   /usr/lib/x86_64-linux-gnu/libX11-xcb.so.1.0.0
7f205c005000-7f205c006000 r--p 00000000 fd:01 21765751                   /usr/lib/x86_64-linux-gnu/libXinerama.so.1.0.0
7f205c006000-7f205c007000 r-xp 00001000 fd:01 21765751                   /usr/lib/x86_64-linux-gnu/libXinerama.so.1.0.0
7f205c007000-7f205c008000 r--p 00002000 fd:01 21765751                   /usr/lib/x86_64-linux-gnu/libXinerama.so.1.0.0
7f205c008000-7f205c009000 r--p 00002000 fd:01 21765751                   /usr/lib/x86_64-linux-gnu/libXinerama.so.1.0.0
7f205c009000-7f205c00a000 rw-p 00003000 fd:01 21765751                   /usr/lib/x86_64-linux-gnu/libXinerama.so.1.0.0
7f205c00a000-7f205c00b000 r--p 00000000 fd:01 21764582                   /usr/lib/x86_64-linux-gnu/libXxf86vm.so.1.0.0
7f205c00b000-7f205c00e000 r-xp 00001000 fd:01 21764582                   /usr/lib/x86_64-linux-gnu/libXxf86vm.so.1.0.0
7f205c00e000-7f205c00f000 r--p 00004000 fd:01 21764582                   /usr/lib/x86_64-linux-gnu/libXxf86vm.so.1.0.0
7f205c00f000-7f205c010000 r--p 00004000 fd:01 21764582                   /usr/lib/x86_64-linux-gnu/libXxf86vm.so.1.0.0
7f205c010000-7f205c011000 rw-p 00005000 fd:01 21764582                   /usr/lib/x86_64-linux-gnu/libXxf86vm.so.1.0.0
7f205c011000-7f205c013000 r--p 00000000 fd:01 21765727                   /usr/lib/x86_64-linux-gnu/libXdmcp.so.6.0.0
7f205c013000-7f205c015000 r-xp 00002000 fd:01 21765727                   /usr/lib/x86_64-linux-gnu/libXdmcp.so.6.0.0
7f205c015000-7f205c017000 r--p 00004000 fd:01 21765727                   /usr/lib/x86_64-linux-gnu/libXdmcp.so.6.0.0
7f205c017000-7f205c018000 r--p 00005000 fd:01 21765727                   /usr/lib/x86_64-linux-gnu/libXdmcp.so.6.0.0
7f205c018000-7f205c019000 rw-p 00006000 fd:01 21765727                   /usr/lib/x86_64-linux-gnu/libXdmcp.so.6.0.0
7f205c019000-7f205c3e3000 rw-p 00000000 00:00 0 
7f205c3e3000-7f205c4c9000 ---p 00000000 00:00 0 
7f205c4c9000-7f205c4ce000 rw-p 00000000 00:00 0 
7f205c4ce000-7f205c5b4000 ---p 00000000 00:00 0 
7f205c5b4000-7f205c5b9000 rw-p 00000000 00:00 0 
7f205c5b9000-7f205c5c0000 ---p 00000000 00:00 0 
7f205c5c0000-7f205c5db000 r-xp 00000000 fd:01 23204084                   /usr/lib/jvm/java-12-oracle/lib/libjimage.so
7f205c5db000-7f205c7da000 ---p 0001b000 fd:01 23204084                   /usr/lib/jvm/java-12-oracle/lib/libjimage.so
7f205c7da000-7f205c7dc000 r--p 0001a000 fd:01 23204084                   /usr/lib/jvm/java-12-oracle/lib/libjimage.so
7f205c7dc000-7f205c7dd000 rw-p 0001c000 fd:01 23204084                   /usr/lib/jvm/java-12-oracle/lib/libjimage.so
7f205c7dd000-7f205c7e4000 r-xp 00000000 fd:01 23204103                   /usr/lib/jvm/java-12-oracle/lib/libzip.so
7f205c7e4000-7f205c9e3000 ---p 00007000 fd:01 23204103                   /usr/lib/jvm/java-12-oracle/lib/libzip.so
7f205c9e3000-7f205c9e4000 r--p 00006000 fd:01 23204103                   /usr/lib/jvm/java-12-oracle/lib/libzip.so
7f205c9e4000-7f205c9e5000 rw-p 00007000 fd:01 23204103                   /usr/lib/jvm/java-12-oracle/lib/libzip.so
7f205c9e5000-7f205ca0d000 r-xp 00000000 fd:01 23204080                   /usr/lib/jvm/java-12-oracle/lib/libjava.so
7f205ca0d000-7f205cc0c000 ---p 00028000 fd:01 23204080                   /usr/lib/jvm/java-12-oracle/lib/libjava.so
7f205cc0c000-7f205cc0d000 r--p 00027000 fd:01 23204080                   /usr/lib/jvm/java-12-oracle/lib/libjava.so
7f205cc0d000-7f205cc0f000 rw-p 00028000 fd:01 23204080                   /usr/lib/jvm/java-12-oracle/lib/libjava.so
7f205cc0f000-7f205cc1c000 r-xp 00000000 fd:01 23204102                   /usr/lib/jvm/java-12-oracle/lib/libverify.so
7f205cc1c000-7f205ce1b000 ---p 0000d000 fd:01 23204102                   /usr/lib/jvm/java-12-oracle/lib/libverify.so
7f205ce1b000-7f205ce1d000 r--p 0000c000 fd:01 23204102                   /usr/lib/jvm/java-12-oracle/lib/libverify.so
7f205ce1d000-7f205ce1e000 rw-p 0000e000 fd:01 23204102                   /usr/lib/jvm/java-12-oracle/lib/libverify.so
7f205ce1e000-7f205ce21000 r--p 00000000 fd:01 21762138                   /usr/lib/x86_64-linux-gnu/librt-2.30.so
7f205ce21000-7f205ce25000 r-xp 00003000 fd:01 21762138                   /usr/lib/x86_64-linux-gnu/librt-2.30.so
7f205ce25000-7f205ce27000 r--p 00007000 fd:01 21762138                   /usr/lib/x86_64-linux-gnu/librt-2.30.so
7f205ce27000-7f205ce28000 r--p 00008000 fd:01 21762138                   /usr/lib/x86_64-linux-gnu/librt-2.30.so
7f205ce28000-7f205ce29000 rw-p 00009000 fd:01 21762138                   /usr/lib/x86_64-linux-gnu/librt-2.30.so
7f205ce29000-7f205ce2d000 ---p 00000000 00:00 0 
7f205ce2d000-7f205cf2a000 rw-p 00000000 00:00 0 
7f205cf2a000-7f205cf39000 r--p 00000000 fd:01 21761542                   /usr/lib/x86_64-linux-gnu/libm-2.30.so
7f205cf39000-7f205cfe0000 r-xp 0000f000 fd:01 21761542                   /usr/lib/x86_64-linux-gnu/libm-2.30.so
7f205cfe0000-7f205d077000 r--p 000b6000 fd:01 21761542                   /usr/lib/x86_64-linux-gnu/libm-2.30.so
7f205d077000-7f205d078000 r--p 0014c000 fd:01 21761542                   /usr/lib/x86_64-linux-gnu/libm-2.30.so
7f205d078000-7f205d079000 rw-p 0014d000 fd:01 21761542                   /usr/lib/x86_64-linux-gnu/libm-2.30.so
7f205d079000-7f205e1dd000 r-xp 00000000 fd:01 23204116                   /usr/lib/jvm/java-12-oracle/lib/server/libjvm.so
7f205e1dd000-7f205e3dd000 ---p 01164000 fd:01 23204116                   /usr/lib/jvm/java-12-oracle/lib/server/libjvm.so
7f205e3dd000-7f205e49e000 r--p 01164000 fd:01 23204116                   /usr/lib/jvm/java-12-oracle/lib/server/libjvm.so
7f205e49e000-7f205e4d7000 rw-p 01225000 fd:01 23204116                   /usr/lib/jvm/java-12-oracle/lib/server/libjvm.so
7f205e4d7000-7f205e55c000 rw-p 00000000 00:00 0 
7f205e55c000-7f205e581000 r--p 00000000 fd:01 21761539                   /usr/lib/x86_64-linux-gnu/libc-2.30.so
7f205e581000-7f205e6f9000 r-xp 00025000 fd:01 21761539                   /usr/lib/x86_64-linux-gnu/libc-2.30.so
7f205e6f9000-7f205e743000 r--p 0019d000 fd:01 21761539                   /usr/lib/x86_64-linux-gnu/libc-2.30.so
7f205e743000-7f205e746000 r--p 001e6000 fd:01 21761539                   /usr/lib/x86_64-linux-gnu/libc-2.30.so
7f205e746000-7f205e749000 rw-p 001e9000 fd:01 21761539                   /usr/lib/x86_64-linux-gnu/libc-2.30.so
7f205e749000-7f205e74d000 rw-p 00000000 00:00 0 
7f205e74d000-7f205e74e000 r--p 00000000 fd:01 21761541                   /usr/lib/x86_64-linux-gnu/libdl-2.30.so
7f205e74e000-7f205e750000 r-xp 00001000 fd:01 21761541                   /usr/lib/x86_64-linux-gnu/libdl-2.30.so
7f205e750000-7f205e751000 r--p 00003000 fd:01 21761541                   /usr/lib/x86_64-linux-gnu/libdl-2.30.so
7f205e751000-7f205e752000 r--p 00003000 fd:01 21761541                   /usr/lib/x86_64-linux-gnu/libdl-2.30.so
7f205e752000-7f205e753000 rw-p 00004000 fd:01 21761541                   /usr/lib/x86_64-linux-gnu/libdl-2.30.so
7f205e753000-7f205e75a000 r--p 00000000 fd:01 21762082                   /usr/lib/x86_64-linux-gnu/libpthread-2.30.so
7f205e75a000-7f205e76b000 r-xp 00007000 fd:01 21762082                   /usr/lib/x86_64-linux-gnu/libpthread-2.30.so
7f205e76b000-7f205e770000 r--p 00018000 fd:01 21762082                   /usr/lib/x86_64-linux-gnu/libpthread-2.30.so
7f205e770000-7f205e771000 r--p 0001c000 fd:01 21762082                   /usr/lib/x86_64-linux-gnu/libpthread-2.30.so
7f205e771000-7f205e772000 rw-p 0001d000 fd:01 21762082                   /usr/lib/x86_64-linux-gnu/libpthread-2.30.so
7f205e772000-7f205e776000 rw-p 00000000 00:00 0 
7f205e776000-7f205e786000 r-xp 00000000 fd:01 23204085                   /usr/lib/jvm/java-12-oracle/lib/libjli.so
7f205e786000-7f205e985000 ---p 00010000 fd:01 23204085                   /usr/lib/jvm/java-12-oracle/lib/libjli.so
7f205e985000-7f205e986000 r--p 0000f000 fd:01 23204085                   /usr/lib/jvm/java-12-oracle/lib/libjli.so
7f205e986000-7f205e987000 rw-p 00010000 fd:01 23204085                   /usr/lib/jvm/java-12-oracle/lib/libjli.so
7f205e987000-7f205e989000 r--p 00000000 fd:01 21763129                   /usr/lib/x86_64-linux-gnu/libz.so.1.2.11
7f205e989000-7f205e99a000 r-xp 00002000 fd:01 21763129                   /usr/lib/x86_64-linux-gnu/libz.so.1.2.11
7f205e99a000-7f205e9a0000 r--p 00013000 fd:01 21763129                   /usr/lib/x86_64-linux-gnu/libz.so.1.2.11
7f205e9a0000-7f205e9a1000 ---p 00019000 fd:01 21763129                   /usr/lib/x86_64-linux-gnu/libz.so.1.2.11
7f205e9a1000-7f205e9a2000 r--p 00019000 fd:01 21763129                   /usr/lib/x86_64-linux-gnu/libz.so.1.2.11
7f205e9a2000-7f205e9a3000 rw-p 0001a000 fd:01 21763129                   /usr/lib/x86_64-linux-gnu/libz.so.1.2.11
7f205e9a3000-7f205e9a4000 r--p 00000000 fd:01 21760853                   /usr/lib/x86_64-linux-gnu/libXau.so.6.0.0
7f205e9a4000-7f205e9a6000 r-xp 00001000 fd:01 21760853                   /usr/lib/x86_64-linux-gnu/libXau.so.6.0.0
7f205e9a6000-7f205e9a7000 r--p 00003000 fd:01 21760853                   /usr/lib/x86_64-linux-gnu/libXau.so.6.0.0
7f205e9a7000-7f205e9a8000 r--p 00003000 fd:01 21760853                   /usr/lib/x86_64-linux-gnu/libXau.so.6.0.0
7f205e9a8000-7f205e9a9000 rw-p 00004000 fd:01 21760853                   /usr/lib/x86_64-linux-gnu/libXau.so.6.0.0
7f205e9a9000-7f205e9b1000 rw-s 00000000 fd:01 23859580                   /tmp/hsperfdata_oscar/4117
7f205e9b1000-7f205e9b4000 r--p 00000000 fd:01 21761861                   /usr/lib/x86_64-linux-gnu/libnss_files-2.30.so
7f205e9b4000-7f205e9bb000 r-xp 00003000 fd:01 21761861                   /usr/lib/x86_64-linux-gnu/libnss_files-2.30.so
7f205e9bb000-7f205e9bd000 r--p 0000a000 fd:01 21761861                   /usr/lib/x86_64-linux-gnu/libnss_files-2.30.so
7f205e9bd000-7f205e9be000 r--p 0000b000 fd:01 21761861                   /usr/lib/x86_64-linux-gnu/libnss_files-2.30.so
7f205e9be000-7f205e9bf000 rw-p 0000c000 fd:01 21761861                   /usr/lib/x86_64-linux-gnu/libnss_files-2.30.so
7f205e9bf000-7f205e9c5000 rw-p 00000000 00:00 0 
7f205e9c5000-7f205e9c6000 ---p 00000000 00:00 0 
7f205e9c6000-7f205e9c7000 r--p 00000000 00:00 0 
7f205e9c7000-7f205e9c9000 rw-p 00000000 00:00 0 
7f205e9c9000-7f205e9ca000 r--p 00000000 fd:01 21759187                   /usr/lib/x86_64-linux-gnu/ld-2.30.so
7f205e9ca000-7f205e9ec000 r-xp 00001000 fd:01 21759187                   /usr/lib/x86_64-linux-gnu/ld-2.30.so
7f205e9ec000-7f205e9f4000 r--p 00023000 fd:01 21759187                   /usr/lib/x86_64-linux-gnu/ld-2.30.so
7f205e9f4000-7f205e9f5000 ---p 00000000 00:00 0 
7f205e9f5000-7f205e9f6000 r--p 0002b000 fd:01 21759187                   /usr/lib/x86_64-linux-gnu/ld-2.30.so
7f205e9f6000-7f205e9f7000 rw-p 0002c000 fd:01 21759187                   /usr/lib/x86_64-linux-gnu/ld-2.30.so
7f205e9f7000-7f205e9f8000 rw-p 00000000 00:00 0 
7ffc5b896000-7ffc5b8ba000 rw-p 00000000 00:00 0                          [stack]
7ffc5b8d6000-7ffc5b8d9000 r--p 00000000 00:00 0                          [vvar]
7ffc5b8d9000-7ffc5b8da000 r-xp 00000000 00:00 0                          [vdso]
ffffffffff600000-ffffffffff601000 --xp 00000000 00:00 0                  [vsyscall]


VM Arguments:
jvm_args: -Djava.library.path=/home/oscar/Desktop/Java/StormFront/lib/natives/linux -Dfile.encoding=UTF-8 
java_command: stormfront.box.StormFrontMain
java_class_path (initial): /home/oscar/Desktop/Java/StormFront/bin:/home/oscar/Desktop/Java/StormFront/lib/jars/lwjgl_util.jar:/home/oscar/Desktop/Java/StormFront/lib/jars/PNGDecoder.jar:/home/oscar/Desktop/Java/StormFront/lib/lwjgl3/lwjgl-assimp-javadoc.jar:/home/oscar/Desktop/Java/StormFront/lib/lwjgl3/lwjgl-assimp-sources.jar:/home/oscar/Desktop/Java/StormFront/lib/lwjgl3/lwjgl-assimp.jar:/home/oscar/Desktop/Java/StormFront/lib/lwjgl3/lwjgl-bgfx-javadoc.jar:/home/oscar/Desktop/Java/StormFront/lib/lwjgl3/lwjgl-bgfx-sources.jar:/home/oscar/Desktop/Java/StormFront/lib/lwjgl3/lwjgl-bgfx.jar:/home/oscar/Desktop/Java/StormFront/lib/lwjgl3/lwjgl-cuda-javadoc.jar:/home/oscar/Desktop/Java/StormFront/lib/lwjgl3/lwjgl-cuda-sources.jar:/home/oscar/Desktop/Java/StormFront/lib/lwjgl3/lwjgl-cuda.jar:/home/oscar/Desktop/Java/StormFront/lib/lwjgl3/lwjgl-egl-javadoc.jar:/home/oscar/Desktop/Java/StormFront/lib/lwjgl3/lwjgl-egl-sources.jar:/home/oscar/Desktop/Java/StormFront/lib/lwjgl3/lwjgl-egl.jar:/home/oscar/Desktop/Java/StormFront/lib/lwjgl3/lwjgl-glfw-javadoc.jar:/home/oscar/Desktop/Java/StormFront/lib/lwjgl3/lwjgl-glfw-sources.jar:/home/oscar/Desktop/Java/StormFront/lib/lwjgl3/lwjgl-glfw.jar:/home/oscar/Desktop/Java/StormFront/lib/lwjgl3/lwjgl-javadoc.jar:/home/oscar/Desktop/Java/StormFront/lib/lwjgl3/lwjgl-jawt-javadoc.jar:/home/oscar/Desktop/Java/StormFront/lib/lwjgl3/lwjgl-jawt-sources.jar:/home/oscar/Desktop/Java/StormFront/lib/lwjgl3/lwjgl-jawt.jar:/home/oscar/Desktop/Java/StormFront/lib/lwjgl3/lwjgl-jemalloc-javadoc.jar:/home/oscar/Desktop/Java/StormFront/lib/lwjgl3/lwjgl-jemalloc-sources.jar:/home/oscar/Desktop/Java/StormFront/lib/lwjgl3/lwjgl-jemalloc.jar:/home/oscar/Desktop/Java/StormFront/lib/lwjgl3/lwjgl-libdivide-javadoc.jar:/home/oscar/Desktop/Java/StormFront/lib/lwjgl3/lwjgl-libdivide-sources.jar:/home/oscar/Desktop/Java/StormFront/lib/lwjgl3/lwjgl-libdivide.jar:/home/oscar/Desktop/Java/StormFront/lib/lwjgl3/lwjgl-llvm-javadoc.jar:/home/oscar/Desktop/Java/Storm
Launcher Type: SUN_STANDARD

[Global flags]
     intx CICompilerCount                          = 4                                         {product} {ergonomic}
     uint ConcGCThreads                            = 3                                         {product} {ergonomic}
     uint G1ConcRefinementThreads                  = 10                                        {product} {ergonomic}
   size_t G1HeapRegionSize                         = 2097152                                   {product} {ergonomic}
    uintx GCDrainStackTargetSize                   = 64                                        {product} {ergonomic}
   size_t InitialHeapSize                          = 526385152                                 {product} {ergonomic}
   size_t MarkStackSize                            = 4194304                                   {product} {ergonomic}
   size_t MaxHeapSize                              = 8396996608                                {product} {ergonomic}
   size_t MaxNewSize                               = 5037359104                                {product} {ergonomic}
   size_t MinHeapDeltaBytes                        = 2097152                                   {product} {ergonomic}
    uintx NonNMethodCodeHeapSize                   = 5836300                                {pd product} {ergonomic}
    uintx NonProfiledCodeHeapSize                  = 122910970                              {pd product} {ergonomic}
    uintx ProfiledCodeHeapSize                     = 122910970                              {pd product} {ergonomic}
    uintx ReservedCodeCacheSize                    = 251658240                              {pd product} {ergonomic}
     bool SegmentedCodeCache                       = true                                      {product} {ergonomic}
     bool UseCompressedClassPointers               = true                                 {lp64_product} {ergonomic}
     bool UseCompressedOops                        = true                                 {lp64_product} {ergonomic}
     bool UseG1GC                                  = true                                      {product} {ergonomic}

Logging:
Log output configuration:
 #0: stdout all=warning uptime,level,tags
 #1: stderr all=off uptime,level,tags

Environment Variables:
JAVA_HOME=/usr/lib/jvm/java-12-oracle
PATH=/home/oscar/.local/bin:/home/linuxbrew/.linuxbrew/bin:/home/linuxbrew/.linuxbrew/sbin:/usr/local/sbin:/usr/local/bin:/usr/sbin:/usr/bin:/sbin:/bin:/usr/games:/usr/local/games:/snap/bin:/usr/local/cuda/bin:/usr/lib/jvm/java-12-oracle/bin:/usr/lib/jvm/java-12-oracle/db/bin:/usr/local/cuda/bin
USERNAME=oscar
LD_LIBRARY_PATH=/usr/local/cuda/lib64/::/usr/local/cuda/lib64/:
SHELL=/bin/bash
DISPLAY=:1

Signal Handlers:
SIGSEGV: [libjvm.so+0xe45640], sa_mask[0]=11111111011111111101111111111110, sa_flags=SA_RESTART|SA_SIGINFO
SIGBUS: [libjvm.so+0xe45640], sa_mask[0]=11111111011111111101111111111110, sa_flags=SA_RESTART|SA_SIGINFO
SIGFPE: [libjvm.so+0xe45640], sa_mask[0]=11111111011111111101111111111110, sa_flags=SA_RESTART|SA_SIGINFO
SIGPIPE: [libjvm.so+0xbf4b50], sa_mask[0]=11111111011111111101111111111110, sa_flags=SA_RESTART|SA_SIGINFO
SIGXFSZ: [libjvm.so+0xbf4b50], sa_mask[0]=11111111011111111101111111111110, sa_flags=SA_RESTART|SA_SIGINFO
SIGILL: [libjvm.so+0xe45640], sa_mask[0]=11111111011111111101111111111110, sa_flags=SA_RESTART|SA_SIGINFO
SIGUSR2: [libjvm.so+0xbf49f0], sa_mask[0]=00100000000000000000000000000000, sa_flags=SA_RESTART|SA_SIGINFO
SIGHUP: [libjvm.so+0xbf4d50], sa_mask[0]=11111111011111111101111111111110, sa_flags=SA_RESTART|SA_SIGINFO
SIGINT: [libjvm.so+0xbf4d50], sa_mask[0]=11111111011111111101111111111110, sa_flags=SA_RESTART|SA_SIGINFO
SIGTERM: [libjvm.so+0xbf4d50], sa_mask[0]=11111111011111111101111111111110, sa_flags=SA_RESTART|SA_SIGINFO
SIGQUIT: [libjvm.so+0xbf4d50], sa_mask[0]=11111111011111111101111111111110, sa_flags=SA_RESTART|SA_SIGINFO


---------------  S Y S T E M  ---------------

OS:DISTRIB_ID=Ubuntu
DISTRIB_RELEASE=19.10
DISTRIB_CODENAME=eoan
DISTRIB_DESCRIPTION="Ubuntu 19.10"
uname:Linux 5.3.0-24-generic #26-Ubuntu SMP Thu Nov 14 01:33:18 UTC 2019 x86_64
libc:glibc 2.30 NPTL 2.30 
rlimit: STACK 8192k, CORE 0k, NPROC 127727, NOFILE 1048576, AS infinity, DATA infinity, FSIZE infinity
load average:0.61 1.01 1.14

/proc/meminfo:
MemTotal:       32798568 kB
MemFree:        18578360 kB
MemAvailable:   22522844 kB
Buffers:          581120 kB
Cached:          3733480 kB
SwapCached:            0 kB
Active:         11452156 kB
Inactive:        1721380 kB
Active(anon):    8803452 kB
Inactive(anon):   357120 kB
Active(file):    2648704 kB
Inactive(file):  1364260 kB
Unevictable:         192 kB
Mlocked:             192 kB
SwapTotal:        999420 kB
SwapFree:         999420 kB
Dirty:              3452 kB
Writeback:             0 kB
AnonPages:       8859448 kB
Mapped:          1183988 kB
Shmem:            359700 kB
KReclaimable:     404316 kB
Slab:             635684 kB
SReclaimable:     404316 kB
SUnreclaim:       231368 kB
KernelStack:       25344 kB
PageTables:        57312 kB
NFS_Unstable:          0 kB
Bounce:                0 kB
WritebackTmp:          0 kB
CommitLimit:    17398704 kB
Committed_AS:   17918524 kB
VmallocTotal:   34359738367 kB
VmallocUsed:       84080 kB
VmallocChunk:          0 kB
Percpu:            20544 kB
HardwareCorrupted:     0 kB
AnonHugePages:     10240 kB
ShmemHugePages:        0 kB
ShmemPmdMapped:        0 kB
CmaTotal:              0 kB
CmaFree:               0 kB
HugePages_Total:       0
HugePages_Free:        0
HugePages_Rsvd:        0
HugePages_Surp:        0
Hugepagesize:       2048 kB
Hugetlb:               0 kB
DirectMap4k:      820924 kB
DirectMap2M:    12728320 kB
DirectMap1G:    19922944 kB


/proc/sys/kernel/threads-max (system-wide limit on the number of threads):
255454


/proc/sys/vm/max_map_count (maximum number of memory map areas a process may have):
65530


/proc/sys/kernel/pid_max (system-wide limit on number of process identifiers):
32768



container (cgroup) information:
container_type: cgroupv1
cpu_cpuset_cpus: 0-11
cpu_memory_nodes: 0
active_processor_count: 12
cpu_quota: -1
cpu_period: 100000
cpu_shares: -1
memory_limit_in_bytes: -1
memory_and_swap_limit_in_bytes: -2
memory_soft_limit_in_bytes: -1
memory_usage_in_bytes: 10769166336
memory_max_usage_in_bytes: 10946273280


CPU:total 12 (initial active 12) (6 cores per cpu, 2 threads per core) family 6 model 158 stepping 10, cmov, cx8, fxsr, mmx, sse, sse2, sse3, ssse3, sse4.1, sse4.2, popcnt, avx, avx2, aes, clmul, erms, 3dnowpref, lzcnt, ht, tsc, tscinvbit, bmi1, bmi2, adx, fma
CPU Model and flags from /proc/cpuinfo:
model name	: Intel(R) Core(TM) i7-8750H CPU @ 2.20GHz
flags		: fpu vme de pse tsc msr pae mce cx8 apic sep mtrr pge mca cmov pat pse36 clflush dts acpi mmx fxsr sse sse2 ss ht tm pbe syscall nx pdpe1gb rdtscp lm constant_tsc art arch_perfmon pebs bts rep_good nopl xtopology nonstop_tsc cpuid aperfmperf pni pclmulqdq dtes64 monitor ds_cpl vmx est tm2 ssse3 sdbg fma cx16 xtpr pdcm pcid sse4_1 sse4_2 x2apic movbe popcnt tsc_deadline_timer aes xsave avx f16c rdrand lahf_lm abm 3dnowprefetch cpuid_fault epb invpcid_single pti ssbd ibrs ibpb stibp tpr_shadow vnmi flexpriority ept vpid ept_ad fsgsbase tsc_adjust bmi1 avx2 smep bmi2 erms invpcid mpx rdseed adx smap clflushopt intel_pt xsaveopt xsavec xgetbv1 xsaves dtherm ida arat pln pts hwp hwp_notify hwp_act_window hwp_epp md_clear flush_l1d

Memory: 4k page, physical 32798568k(18578360k free), swap 999420k(999420k free)

vm_info: Java HotSpot(TM) 64-Bit Server VM (12.0.1+12) for linux-amd64 JRE (12.0.1+12), built on Apr  1 2019 23:46:14 by "mach5one" with gcc 7.3.0

END.
